{"/Users/justindonnaruma/jsonschema/lib/validator.ts":{"path":"/Users/justindonnaruma/jsonschema/lib/validator.ts","statementMap":{"0":{"start":{"line":3,"column":13},"end":{"line":3,"column":27}},"1":{"start":{"line":5,"column":16},"end":{"line":5,"column":38}},"2":{"start":{"line":6,"column":14},"end":{"line":6,"column":34}},"3":{"start":{"line":7,"column":17},"end":{"line":7,"column":39}},"4":{"start":{"line":8,"column":22},"end":{"line":8,"column":45}},"5":{"start":{"line":9,"column":18},"end":{"line":9,"column":37}},"6":{"start":{"line":10,"column":20},"end":{"line":10,"column":41}},"7":{"start":{"line":12,"column":20},"end":{"line":12,"column":23}},"8":{"start":{"line":19,"column":16},"end":{"line":29,"column":1}},"9":{"start":{"line":22,"column":2},"end":{"line":22,"column":72}},"10":{"start":{"line":23,"column":2},"end":{"line":23,"column":20}},"11":{"start":{"line":24,"column":2},"end":{"line":24,"column":27}},"12":{"start":{"line":27,"column":2},"end":{"line":27,"column":36}},"13":{"start":{"line":28,"column":2},"end":{"line":28,"column":56}},"14":{"start":{"line":32,"column":0},"end":{"line":32,"column":39}},"15":{"start":{"line":35,"column":0},"end":{"line":35,"column":35}},"16":{"start":{"line":36,"column":0},"end":{"line":36,"column":33}},"17":{"start":{"line":37,"column":0},"end":{"line":37,"column":38}},"18":{"start":{"line":38,"column":0},"end":{"line":38,"column":42}},"19":{"start":{"line":46,"column":0},"end":{"line":63,"column":2}},"20":{"start":{"line":47,"column":13},"end":{"line":47,"column":17}},"21":{"start":{"line":48,"column":2},"end":{"line":50,"column":3}},"22":{"start":{"line":49,"column":4},"end":{"line":49,"column":16}},"23":{"start":{"line":51,"column":13},"end":{"line":51,"column":52}},"24":{"start":{"line":52,"column":15},"end":{"line":52,"column":32}},"25":{"start":{"line":53,"column":2},"end":{"line":55,"column":3}},"26":{"start":{"line":54,"column":4},"end":{"line":54,"column":37}},"27":{"start":{"line":56,"column":2},"end":{"line":58,"column":3}},"28":{"start":{"line":57,"column":4},"end":{"line":57,"column":34}},"29":{"start":{"line":59,"column":2},"end":{"line":61,"column":5}},"30":{"start":{"line":60,"column":4},"end":{"line":60,"column":50}},"31":{"start":{"line":62,"column":2},"end":{"line":62,"column":30}},"32":{"start":{"line":65,"column":0},"end":{"line":70,"column":2}},"33":{"start":{"line":66,"column":2},"end":{"line":66,"column":41}},"34":{"start":{"line":66,"column":34},"end":{"line":66,"column":41}},"35":{"start":{"line":67,"column":2},"end":{"line":69,"column":3}},"36":{"start":{"line":67,"column":12},"end":{"line":67,"column":13}},"37":{"start":{"line":68,"column":4},"end":{"line":68,"column":43}},"38":{"start":{"line":72,"column":0},"end":{"line":77,"column":2}},"39":{"start":{"line":73,"column":2},"end":{"line":73,"column":50}},"40":{"start":{"line":73,"column":43},"end":{"line":73,"column":50}},"41":{"start":{"line":74,"column":2},"end":{"line":76,"column":3}},"42":{"start":{"line":75,"column":4},"end":{"line":75,"column":43}},"43":{"start":{"line":85,"column":0},"end":{"line":87,"column":2}},"44":{"start":{"line":86,"column":2},"end":{"line":86,"column":25}},"45":{"start":{"line":93,"column":0},"end":{"line":95,"column":2}},"46":{"start":{"line":94,"column":2},"end":{"line":94,"column":27}},"47":{"start":{"line":105,"column":0},"end":{"line":131,"column":2}},"48":{"start":{"line":106,"column":2},"end":{"line":108,"column":3}},"49":{"start":{"line":107,"column":4},"end":{"line":107,"column":17}},"50":{"start":{"line":109,"column":21},"end":{"line":109,"column":55}},"51":{"start":{"line":111,"column":13},"end":{"line":111,"column":71}},"52":{"start":{"line":112,"column":2},"end":{"line":122,"column":3}},"53":{"start":{"line":113,"column":4},"end":{"line":113,"column":94}},"54":{"start":{"line":114,"column":4},"end":{"line":116,"column":5}},"55":{"start":{"line":115,"column":6},"end":{"line":115,"column":33}},"56":{"start":{"line":117,"column":16},"end":{"line":117,"column":40}},"57":{"start":{"line":118,"column":4},"end":{"line":121,"column":5}},"58":{"start":{"line":119,"column":16},"end":{"line":119,"column":27}},"59":{"start":{"line":120,"column":6},"end":{"line":120,"column":27}},"60":{"start":{"line":123,"column":2},"end":{"line":129,"column":3}},"61":{"start":{"line":124,"column":17},"end":{"line":124,"column":68}},"62":{"start":{"line":125,"column":4},"end":{"line":127,"column":5}},"63":{"start":{"line":126,"column":6},"end":{"line":126,"column":42}},"64":{"start":{"line":128,"column":4},"end":{"line":128,"column":18}},"65":{"start":{"line":130,"column":2},"end":{"line":130,"column":55}},"66":{"start":{"line":138,"column":12},"end":{"line":138,"column":63}},"67":{"start":{"line":139,"column":2},"end":{"line":139,"column":39}},"68":{"start":{"line":139,"column":28},"end":{"line":139,"column":39}},"69":{"start":{"line":140,"column":2},"end":{"line":140,"column":15}},"70":{"start":{"line":152,"column":0},"end":{"line":213,"column":2}},"71":{"start":{"line":153,"column":15},"end":{"line":153,"column":66}},"72":{"start":{"line":156,"column":2},"end":{"line":167,"column":3}},"73":{"start":{"line":157,"column":4},"end":{"line":163,"column":5}},"74":{"start":{"line":159,"column":6},"end":{"line":159,"column":18}},"75":{"start":{"line":160,"column":10},"end":{"line":163,"column":5}},"76":{"start":{"line":162,"column":6},"end":{"line":162,"column":26}},"77":{"start":{"line":164,"column":8},"end":{"line":167,"column":3}},"78":{"start":{"line":166,"column":4},"end":{"line":166,"column":43}},"79":{"start":{"line":169,"column":2},"end":{"line":180,"column":3}},"80":{"start":{"line":170,"column":4},"end":{"line":179,"column":5}},"81":{"start":{"line":171,"column":22},"end":{"line":171,"column":48}},"82":{"start":{"line":172,"column":6},"end":{"line":172,"column":76}},"83":{"start":{"line":173,"column":6},"end":{"line":173,"column":32}},"84":{"start":{"line":174,"column":6},"end":{"line":174,"column":30}},"85":{"start":{"line":175,"column":6},"end":{"line":175,"column":27}},"86":{"start":{"line":176,"column":6},"end":{"line":176,"column":23}},"87":{"start":{"line":178,"column":6},"end":{"line":178,"column":84}},"88":{"start":{"line":184,"column":2},"end":{"line":188,"column":3}},"89":{"start":{"line":185,"column":19},"end":{"line":185,"column":58}},"90":{"start":{"line":186,"column":17},"end":{"line":186,"column":117}},"91":{"start":{"line":187,"column":4},"end":{"line":187,"column":78}},"92":{"start":{"line":190,"column":23},"end":{"line":190,"column":62}},"93":{"start":{"line":192,"column":2},"end":{"line":206,"column":3}},"94":{"start":{"line":193,"column":4},"end":{"line":205,"column":5}},"95":{"start":{"line":194,"column":25},"end":{"line":194,"column":29}},"96":{"start":{"line":195,"column":22},"end":{"line":195,"column":42}},"97":{"start":{"line":196,"column":6},"end":{"line":201,"column":7}},"98":{"start":{"line":197,"column":8},"end":{"line":197,"column":76}},"99":{"start":{"line":198,"column":13},"end":{"line":201,"column":7}},"100":{"start":{"line":200,"column":8},"end":{"line":200,"column":71}},"101":{"start":{"line":202,"column":6},"end":{"line":204,"column":7}},"102":{"start":{"line":203,"column":8},"end":{"line":203,"column":42}},"103":{"start":{"line":208,"column":2},"end":{"line":211,"column":3}},"104":{"start":{"line":209,"column":16},"end":{"line":209,"column":74}},"105":{"start":{"line":210,"column":4},"end":{"line":210,"column":28}},"106":{"start":{"line":212,"column":2},"end":{"line":212,"column":16}},"107":{"start":{"line":221,"column":0},"end":{"line":223,"column":1}},"108":{"start":{"line":222,"column":2},"end":{"line":222,"column":94}},"109":{"start":{"line":231,"column":0},"end":{"line":237,"column":1}},"110":{"start":{"line":233,"column":2},"end":{"line":235,"column":3}},"111":{"start":{"line":234,"column":4},"end":{"line":234,"column":52}},"112":{"start":{"line":236,"column":2},"end":{"line":236,"column":16}},"113":{"start":{"line":247,"column":0},"end":{"line":265,"column":2}},"114":{"start":{"line":248,"column":2},"end":{"line":248,"column":43}},"115":{"start":{"line":250,"column":2},"end":{"line":252,"column":3}},"116":{"start":{"line":251,"column":4},"end":{"line":251,"column":78}},"117":{"start":{"line":254,"column":15},"end":{"line":254,"column":41}},"118":{"start":{"line":255,"column":17},"end":{"line":255,"column":38}},"119":{"start":{"line":256,"column":17},"end":{"line":256,"column":109}},"120":{"start":{"line":257,"column":2},"end":{"line":259,"column":3}},"121":{"start":{"line":258,"column":4},"end":{"line":258,"column":75}},"122":{"start":{"line":260,"column":18},"end":{"line":260,"column":82}},"123":{"start":{"line":261,"column":2},"end":{"line":263,"column":3}},"124":{"start":{"line":262,"column":4},"end":{"line":262,"column":99}},"125":{"start":{"line":264,"column":2},"end":{"line":264,"column":60}},"126":{"start":{"line":277,"column":0},"end":{"line":287,"column":2}},"127":{"start":{"line":278,"column":2},"end":{"line":280,"column":3}},"128":{"start":{"line":279,"column":4},"end":{"line":279,"column":49}},"129":{"start":{"line":281,"column":2},"end":{"line":284,"column":3}},"130":{"start":{"line":282,"column":14},"end":{"line":282,"column":63}},"131":{"start":{"line":283,"column":4},"end":{"line":283,"column":60}},"132":{"start":{"line":286,"column":2},"end":{"line":286,"column":14}},"133":{"start":{"line":289,"column":12},"end":{"line":289,"column":42}},"134":{"start":{"line":290,"column":0},"end":{"line":292,"column":2}},"135":{"start":{"line":291,"column":2},"end":{"line":291,"column":37}},"136":{"start":{"line":293,"column":0},"end":{"line":296,"column":2}},"137":{"start":{"line":295,"column":2},"end":{"line":295,"column":59}},"138":{"start":{"line":297,"column":0},"end":{"line":299,"column":2}},"139":{"start":{"line":298,"column":2},"end":{"line":298,"column":61}},"140":{"start":{"line":300,"column":0},"end":{"line":302,"column":2}},"141":{"start":{"line":301,"column":2},"end":{"line":301,"column":38}},"142":{"start":{"line":303,"column":0},"end":{"line":305,"column":2}},"143":{"start":{"line":304,"column":2},"end":{"line":304,"column":33}},"144":{"start":{"line":306,"column":0},"end":{"line":308,"column":2}},"145":{"start":{"line":307,"column":2},"end":{"line":307,"column":27}},"146":{"start":{"line":309,"column":0},"end":{"line":311,"column":2}},"147":{"start":{"line":310,"column":2},"end":{"line":310,"column":34}},"148":{"start":{"line":312,"column":0},"end":{"line":314,"column":2}},"149":{"start":{"line":313,"column":2},"end":{"line":313,"column":14}},"150":{"start":{"line":315,"column":0},"end":{"line":318,"column":2}},"151":{"start":{"line":317,"column":2},"end":{"line":317,"column":115}},"152":{"start":{"line":320,"column":0},"end":{"line":320,"column":27}}},"fnMap":{"0":{"name":"Validator","decl":{"start":{"line":19,"column":25},"end":{"line":19,"column":34}},"loc":{"start":{"line":19,"column":38},"end":{"line":29,"column":1}},"line":19},"1":{"name":"addSchema","decl":{"start":{"line":46,"column":41},"end":{"line":46,"column":50}},"loc":{"start":{"line":46,"column":66},"end":{"line":63,"column":1}},"line":46},"2":{"name":"(anonymous_2)","decl":{"start":{"line":59,"column":51},"end":{"line":59,"column":52}},"loc":{"start":{"line":59,"column":64},"end":{"line":61,"column":3}},"line":59},"3":{"name":"addSubSchemaArray","decl":{"start":{"line":65,"column":49},"end":{"line":65,"column":66}},"loc":{"start":{"line":65,"column":85},"end":{"line":70,"column":1}},"line":65},"4":{"name":"addSubSchemaArray","decl":{"start":{"line":72,"column":50},"end":{"line":72,"column":67}},"loc":{"start":{"line":72,"column":86},"end":{"line":77,"column":1}},"line":72},"5":{"name":"setSchemas","decl":{"start":{"line":85,"column":42},"end":{"line":85,"column":52}},"loc":{"start":{"line":85,"column":63},"end":{"line":87,"column":1}},"line":85},"6":{"name":"getSchema","decl":{"start":{"line":93,"column":41},"end":{"line":93,"column":50}},"loc":{"start":{"line":93,"column":57},"end":{"line":95,"column":1}},"line":93},"7":{"name":"validate","decl":{"start":{"line":105,"column":40},"end":{"line":105,"column":48}},"loc":{"start":{"line":105,"column":82},"end":{"line":131,"column":1}},"line":105},"8":{"name":"shouldResolve","decl":{"start":{"line":137,"column":9},"end":{"line":137,"column":22}},"loc":{"start":{"line":137,"column":31},"end":{"line":141,"column":1}},"line":137},"9":{"name":"validateSchema","decl":{"start":{"line":152,"column":46},"end":{"line":152,"column":60}},"loc":{"start":{"line":152,"column":94},"end":{"line":213,"column":1}},"line":152},"10":{"name":"schemaTraverser","decl":{"start":{"line":221,"column":47},"end":{"line":221,"column":62}},"loc":{"start":{"line":221,"column":78},"end":{"line":223,"column":1}},"line":221},"11":{"name":"superResolve","decl":{"start":{"line":231,"column":44},"end":{"line":231,"column":56}},"loc":{"start":{"line":231,"column":71},"end":{"line":237,"column":1}},"line":231},"12":{"name":"resolve","decl":{"start":{"line":247,"column":39},"end":{"line":247,"column":46}},"loc":{"start":{"line":247,"column":75},"end":{"line":265,"column":1}},"line":247},"13":{"name":"validateType","decl":{"start":{"line":277,"column":40},"end":{"line":277,"column":52}},"loc":{"start":{"line":277,"column":92},"end":{"line":287,"column":1}},"line":277},"14":{"name":"testString","decl":{"start":{"line":290,"column":24},"end":{"line":290,"column":34}},"loc":{"start":{"line":290,"column":46},"end":{"line":292,"column":1}},"line":290},"15":{"name":"testNumber","decl":{"start":{"line":293,"column":24},"end":{"line":293,"column":34}},"loc":{"start":{"line":293,"column":46},"end":{"line":296,"column":1}},"line":293},"16":{"name":"testInteger","decl":{"start":{"line":297,"column":25},"end":{"line":297,"column":36}},"loc":{"start":{"line":297,"column":48},"end":{"line":299,"column":1}},"line":297},"17":{"name":"testBoolean","decl":{"start":{"line":300,"column":25},"end":{"line":300,"column":36}},"loc":{"start":{"line":300,"column":48},"end":{"line":302,"column":1}},"line":300},"18":{"name":"testArray","decl":{"start":{"line":303,"column":23},"end":{"line":303,"column":32}},"loc":{"start":{"line":303,"column":44},"end":{"line":305,"column":1}},"line":303},"19":{"name":"testNull","decl":{"start":{"line":306,"column":25},"end":{"line":306,"column":33}},"loc":{"start":{"line":306,"column":45},"end":{"line":308,"column":1}},"line":306},"20":{"name":"testDate","decl":{"start":{"line":309,"column":22},"end":{"line":309,"column":30}},"loc":{"start":{"line":309,"column":42},"end":{"line":311,"column":1}},"line":309},"21":{"name":"testAny","decl":{"start":{"line":312,"column":21},"end":{"line":312,"column":28}},"loc":{"start":{"line":312,"column":40},"end":{"line":314,"column":1}},"line":312},"22":{"name":"testObject","decl":{"start":{"line":315,"column":24},"end":{"line":315,"column":34}},"loc":{"start":{"line":315,"column":46},"end":{"line":318,"column":1}},"line":315}},"branchMap":{"0":{"loc":{"start":{"line":48,"column":2},"end":{"line":50,"column":3}},"type":"if","locations":[{"start":{"line":48,"column":2},"end":{"line":50,"column":3}},{"start":{"line":48,"column":2},"end":{"line":50,"column":3}}],"line":48},"1":{"loc":{"start":{"line":51,"column":24},"end":{"line":51,"column":43}},"type":"binary-expr","locations":[{"start":{"line":51,"column":24},"end":{"line":51,"column":28}},{"start":{"line":51,"column":30},"end":{"line":51,"column":43}}],"line":51},"2":{"loc":{"start":{"line":52,"column":15},"end":{"line":52,"column":32}},"type":"binary-expr","locations":[{"start":{"line":52,"column":15},"end":{"line":52,"column":19}},{"start":{"line":52,"column":23},"end":{"line":52,"column":32}}],"line":52},"3":{"loc":{"start":{"line":66,"column":2},"end":{"line":66,"column":41}},"type":"if","locations":[{"start":{"line":66,"column":2},"end":{"line":66,"column":41}},{"start":{"line":66,"column":2},"end":{"line":66,"column":41}}],"line":66},"4":{"loc":{"start":{"line":73,"column":2},"end":{"line":73,"column":50}},"type":"if","locations":[{"start":{"line":73,"column":2},"end":{"line":73,"column":50}},{"start":{"line":73,"column":2},"end":{"line":73,"column":50}}],"line":73},"5":{"loc":{"start":{"line":73,"column":5},"end":{"line":73,"column":41}},"type":"binary-expr","locations":[{"start":{"line":73,"column":5},"end":{"line":73,"column":13}},{"start":{"line":73,"column":17},"end":{"line":73,"column":41}}],"line":73},"6":{"loc":{"start":{"line":106,"column":2},"end":{"line":108,"column":3}},"type":"if","locations":[{"start":{"line":106,"column":2},"end":{"line":108,"column":3}},{"start":{"line":106,"column":2},"end":{"line":108,"column":3}}],"line":106},"7":{"loc":{"start":{"line":109,"column":21},"end":{"line":109,"column":55}},"type":"binary-expr","locations":[{"start":{"line":109,"column":21},"end":{"line":109,"column":41}},{"start":{"line":109,"column":45},"end":{"line":109,"column":55}}],"line":109},"8":{"loc":{"start":{"line":111,"column":28},"end":{"line":111,"column":55}},"type":"binary-expr","locations":[{"start":{"line":111,"column":28},"end":{"line":111,"column":40}},{"start":{"line":111,"column":42},"end":{"line":111,"column":55}}],"line":111},"9":{"loc":{"start":{"line":111,"column":57},"end":{"line":111,"column":70}},"type":"binary-expr","locations":[{"start":{"line":111,"column":57},"end":{"line":111,"column":66}},{"start":{"line":111,"column":68},"end":{"line":111,"column":70}}],"line":111},"10":{"loc":{"start":{"line":112,"column":2},"end":{"line":122,"column":3}},"type":"if","locations":[{"start":{"line":112,"column":2},"end":{"line":122,"column":3}},{"start":{"line":112,"column":2},"end":{"line":122,"column":3}}],"line":112},"11":{"loc":{"start":{"line":114,"column":4},"end":{"line":116,"column":5}},"type":"if","locations":[{"start":{"line":114,"column":4},"end":{"line":116,"column":5}},{"start":{"line":114,"column":4},"end":{"line":116,"column":5}}],"line":114},"12":{"loc":{"start":{"line":123,"column":2},"end":{"line":129,"column":3}},"type":"if","locations":[{"start":{"line":123,"column":2},"end":{"line":129,"column":3}},{"start":{"line":123,"column":2},"end":{"line":129,"column":3}}],"line":123},"13":{"loc":{"start":{"line":125,"column":4},"end":{"line":127,"column":5}},"type":"if","locations":[{"start":{"line":125,"column":4},"end":{"line":127,"column":5}},{"start":{"line":125,"column":4},"end":{"line":127,"column":5}}],"line":125},"14":{"loc":{"start":{"line":138,"column":12},"end":{"line":138,"column":63}},"type":"cond-expr","locations":[{"start":{"line":138,"column":43},"end":{"line":138,"column":49}},{"start":{"line":138,"column":52},"end":{"line":138,"column":63}}],"line":138},"15":{"loc":{"start":{"line":139,"column":2},"end":{"line":139,"column":39}},"type":"if","locations":[{"start":{"line":139,"column":2},"end":{"line":139,"column":39}},{"start":{"line":139,"column":2},"end":{"line":139,"column":39}}],"line":139},"16":{"loc":{"start":{"line":156,"column":2},"end":{"line":167,"column":3}},"type":"if","locations":[{"start":{"line":156,"column":2},"end":{"line":167,"column":3}},{"start":{"line":156,"column":2},"end":{"line":167,"column":3}}],"line":156},"17":{"loc":{"start":{"line":157,"column":4},"end":{"line":163,"column":5}},"type":"if","locations":[{"start":{"line":157,"column":4},"end":{"line":163,"column":5}},{"start":{"line":157,"column":4},"end":{"line":163,"column":5}}],"line":157},"18":{"loc":{"start":{"line":160,"column":10},"end":{"line":163,"column":5}},"type":"if","locations":[{"start":{"line":160,"column":10},"end":{"line":163,"column":5}},{"start":{"line":160,"column":10},"end":{"line":163,"column":5}}],"line":160},"19":{"loc":{"start":{"line":164,"column":8},"end":{"line":167,"column":3}},"type":"if","locations":[{"start":{"line":164,"column":8},"end":{"line":167,"column":3}},{"start":{"line":164,"column":8},"end":{"line":167,"column":3}}],"line":164},"20":{"loc":{"start":{"line":169,"column":2},"end":{"line":180,"column":3}},"type":"if","locations":[{"start":{"line":169,"column":2},"end":{"line":180,"column":3}},{"start":{"line":169,"column":2},"end":{"line":180,"column":3}}],"line":169},"21":{"loc":{"start":{"line":170,"column":4},"end":{"line":179,"column":5}},"type":"if","locations":[{"start":{"line":170,"column":4},"end":{"line":179,"column":5}},{"start":{"line":170,"column":4},"end":{"line":179,"column":5}}],"line":170},"22":{"loc":{"start":{"line":184,"column":2},"end":{"line":188,"column":3}},"type":"if","locations":[{"start":{"line":184,"column":2},"end":{"line":188,"column":3}},{"start":{"line":184,"column":2},"end":{"line":188,"column":3}}],"line":184},"23":{"loc":{"start":{"line":190,"column":23},"end":{"line":190,"column":62}},"type":"binary-expr","locations":[{"start":{"line":190,"column":23},"end":{"line":190,"column":30}},{"start":{"line":190,"column":34},"end":{"line":190,"column":56}},{"start":{"line":190,"column":60},"end":{"line":190,"column":62}}],"line":190},"24":{"loc":{"start":{"line":193,"column":4},"end":{"line":205,"column":5}},"type":"if","locations":[{"start":{"line":193,"column":4},"end":{"line":205,"column":5}},{"start":{"line":193,"column":4},"end":{"line":205,"column":5}}],"line":193},"25":{"loc":{"start":{"line":193,"column":8},"end":{"line":193,"column":75}},"type":"binary-expr","locations":[{"start":{"line":193,"column":8},"end":{"line":193,"column":40}},{"start":{"line":193,"column":44},"end":{"line":193,"column":75}}],"line":193},"26":{"loc":{"start":{"line":196,"column":6},"end":{"line":201,"column":7}},"type":"if","locations":[{"start":{"line":196,"column":6},"end":{"line":201,"column":7}},{"start":{"line":196,"column":6},"end":{"line":201,"column":7}}],"line":196},"27":{"loc":{"start":{"line":198,"column":13},"end":{"line":201,"column":7}},"type":"if","locations":[{"start":{"line":198,"column":13},"end":{"line":201,"column":7}},{"start":{"line":198,"column":13},"end":{"line":201,"column":7}}],"line":198},"28":{"loc":{"start":{"line":202,"column":6},"end":{"line":204,"column":7}},"type":"if","locations":[{"start":{"line":202,"column":6},"end":{"line":204,"column":7}},{"start":{"line":202,"column":6},"end":{"line":204,"column":7}}],"line":202},"29":{"loc":{"start":{"line":208,"column":2},"end":{"line":211,"column":3}},"type":"if","locations":[{"start":{"line":208,"column":2},"end":{"line":211,"column":3}},{"start":{"line":208,"column":2},"end":{"line":211,"column":3}}],"line":208},"30":{"loc":{"start":{"line":233,"column":2},"end":{"line":235,"column":3}},"type":"if","locations":[{"start":{"line":233,"column":2},"end":{"line":235,"column":3}},{"start":{"line":233,"column":2},"end":{"line":235,"column":3}}],"line":233},"31":{"loc":{"start":{"line":250,"column":2},"end":{"line":252,"column":3}},"type":"if","locations":[{"start":{"line":250,"column":2},"end":{"line":252,"column":3}},{"start":{"line":250,"column":2},"end":{"line":252,"column":3}}],"line":250},"32":{"loc":{"start":{"line":255,"column":17},"end":{"line":255,"column":38}},"type":"binary-expr","locations":[{"start":{"line":255,"column":17},"end":{"line":255,"column":23}},{"start":{"line":255,"column":27},"end":{"line":255,"column":38}}],"line":255},"33":{"loc":{"start":{"line":256,"column":17},"end":{"line":256,"column":109}},"type":"binary-expr","locations":[{"start":{"line":256,"column":17},"end":{"line":256,"column":25}},{"start":{"line":256,"column":29},"end":{"line":256,"column":44}},{"start":{"line":256,"column":48},"end":{"line":256,"column":109}}],"line":256},"34":{"loc":{"start":{"line":257,"column":2},"end":{"line":259,"column":3}},"type":"if","locations":[{"start":{"line":257,"column":2},"end":{"line":259,"column":3}},{"start":{"line":257,"column":2},"end":{"line":259,"column":3}}],"line":257},"35":{"loc":{"start":{"line":257,"column":6},"end":{"line":257,"column":41}},"type":"binary-expr","locations":[{"start":{"line":257,"column":6},"end":{"line":257,"column":15}},{"start":{"line":257,"column":19},"end":{"line":257,"column":41}}],"line":257},"36":{"loc":{"start":{"line":261,"column":2},"end":{"line":263,"column":3}},"type":"if","locations":[{"start":{"line":261,"column":2},"end":{"line":263,"column":3}},{"start":{"line":261,"column":2},"end":{"line":263,"column":3}}],"line":261},"37":{"loc":{"start":{"line":278,"column":2},"end":{"line":280,"column":3}},"type":"if","locations":[{"start":{"line":278,"column":2},"end":{"line":280,"column":3}},{"start":{"line":278,"column":2},"end":{"line":280,"column":3}}],"line":278},"38":{"loc":{"start":{"line":281,"column":2},"end":{"line":284,"column":3}},"type":"if","locations":[{"start":{"line":281,"column":2},"end":{"line":284,"column":3}},{"start":{"line":281,"column":2},"end":{"line":284,"column":3}}],"line":281},"39":{"loc":{"start":{"line":281,"column":6},"end":{"line":281,"column":37}},"type":"binary-expr","locations":[{"start":{"line":281,"column":6},"end":{"line":281,"column":10}},{"start":{"line":281,"column":14},"end":{"line":281,"column":37}}],"line":281},"40":{"loc":{"start":{"line":283,"column":11},"end":{"line":283,"column":59}},"type":"binary-expr","locations":[{"start":{"line":283,"column":11},"end":{"line":283,"column":28}},{"start":{"line":283,"column":32},"end":{"line":283,"column":59}}],"line":283},"41":{"loc":{"start":{"line":283,"column":34},"end":{"line":283,"column":58}},"type":"binary-expr","locations":[{"start":{"line":283,"column":34},"end":{"line":283,"column":37}},{"start":{"line":283,"column":41},"end":{"line":283,"column":58}}],"line":283},"42":{"loc":{"start":{"line":295,"column":9},"end":{"line":295,"column":58}},"type":"binary-expr","locations":[{"start":{"line":295,"column":9},"end":{"line":295,"column":36}},{"start":{"line":295,"column":40},"end":{"line":295,"column":58}}],"line":295},"43":{"loc":{"start":{"line":298,"column":9},"end":{"line":298,"column":60}},"type":"binary-expr","locations":[{"start":{"line":298,"column":10},"end":{"line":298,"column":37}},{"start":{"line":298,"column":42},"end":{"line":298,"column":60}}],"line":298},"44":{"loc":{"start":{"line":317,"column":9},"end":{"line":317,"column":114}},"type":"binary-expr","locations":[{"start":{"line":317,"column":9},"end":{"line":317,"column":17}},{"start":{"line":317,"column":21},"end":{"line":317,"column":51}},{"start":{"line":317,"column":55},"end":{"line":317,"column":83}},{"start":{"line":317,"column":87},"end":{"line":317,"column":114}}],"line":317}},"s":{"0":1,"1":1,"2":1,"3":1,"4":1,"5":1,"6":1,"7":1,"8":1,"9":1011,"10":1011,"11":1011,"12":1011,"13":1011,"14":1,"15":1,"16":1,"17":1,"18":1,"19":1,"20":2599,"21":2599,"22":0,"23":2599,"24":2599,"25":2599,"26":66435,"27":2599,"28":8134,"29":2599,"30":9392,"31":2599,"32":1,"33":0,"34":0,"35":0,"36":0,"37":0,"38":1,"39":0,"40":0,"41":0,"42":0,"43":1,"44":0,"45":1,"46":0,"47":1,"48":932,"49":927,"50":932,"51":932,"52":932,"53":932,"54":932,"55":932,"56":932,"57":932,"58":2573,"59":2573,"60":932,"61":932,"62":930,"63":0,"64":930,"65":0,"66":2351,"67":2351,"68":271,"69":2080,"70":1,"71":2283,"72":2283,"73":0,"74":0,"75":0,"76":0,"77":2283,"78":0,"79":2283,"80":64,"81":4,"82":4,"83":4,"84":4,"85":4,"86":4,"87":60,"88":2283,"89":217,"90":217,"91":217,"92":2066,"93":2066,"94":3720,"95":3173,"96":3173,"97":3173,"98":3105,"99":68,"100":0,"101":3171,"102":2322,"103":2064,"104":0,"105":0,"106":2064,"107":1,"108":8,"109":1,"110":68,"111":54,"112":14,"113":1,"114":271,"115":271,"116":142,"117":129,"118":129,"119":129,"120":129,"121":0,"122":129,"123":129,"124":0,"125":129,"126":1,"127":1048,"128":1005,"129":43,"130":43,"131":43,"132":0,"133":1,"134":1,"135":419,"136":1,"137":282,"138":1,"139":253,"140":1,"141":34,"142":1,"143":342,"144":1,"145":37,"146":1,"147":4,"148":1,"149":20,"150":1,"151":1141,"152":1},"f":{"0":1011,"1":2599,"2":9392,"3":0,"4":0,"5":0,"6":0,"7":932,"8":2351,"9":2283,"10":8,"11":68,"12":271,"13":1048,"14":419,"15":282,"16":253,"17":34,"18":342,"19":37,"20":4,"21":20,"22":1141},"b":{"0":[0,2599],"1":[2599,2500],"2":[2599,2500],"3":[0,0],"4":[0,0],"5":[0,0],"6":[927,5],"7":[932,932],"8":[932,932],"9":[932,930],"10":[932,0],"11":[932,0],"12":[932,0],"13":[0,930],"14":[28,2323],"15":[271,2080],"16":[0,2283],"17":[0,0],"18":[0,0],"19":[0,2283],"20":[64,2219],"21":[4,60],"22":[217,2066],"23":[2066,2066,2066],"24":[3173,547],"25":[3720,3173],"26":[3105,68],"27":[0,68],"28":[2322,849],"29":[0,2064],"30":[54,14],"31":[142,129],"32":[129,129],"33":[129,129,129],"34":[0,129],"35":[129,129],"36":[0,129],"37":[1005,43],"38":[43,0],"39":[43,43],"40":[43,43],"41":[43,43],"42":[282,210],"43":[253,174],"44":[1141,1045,922,900]},"_coverageSchema":"1a1c01bbd47fc00a2c39e90264f33305004495a9","hash":"0e4c7b3d0d6d0e972b5400f70c3112157864b3a8","contentHash":"b76cc4d66619751d213676c544fd5fec89a8ac1366c00d6ad7f2e643724264e3"},"/Users/justindonnaruma/jsonschema/lib/attribute.ts":{"path":"/Users/justindonnaruma/jsonschema/lib/attribute.ts","statementMap":{"0":{"start":{"line":3,"column":14},"end":{"line":3,"column":34}},"1":{"start":{"line":6,"column":22},"end":{"line":6,"column":45}},"2":{"start":{"line":8,"column":18},"end":{"line":8,"column":37}},"3":{"start":{"line":10,"column":16},"end":{"line":10,"column":18}},"4":{"start":{"line":12,"column":0},"end":{"line":26,"column":2}},"5":{"start":{"line":31,"column":17},"end":{"line":31,"column":42}},"6":{"start":{"line":41,"column":0},"end":{"line":59,"column":2}},"7":{"start":{"line":43,"column":2},"end":{"line":45,"column":3}},"8":{"start":{"line":44,"column":4},"end":{"line":44,"column":16}},"9":{"start":{"line":46,"column":15},"end":{"line":46,"column":66}},"10":{"start":{"line":47,"column":14},"end":{"line":47,"column":70}},"11":{"start":{"line":48,"column":2},"end":{"line":57,"column":3}},"12":{"start":{"line":49,"column":15},"end":{"line":51,"column":6}},"13":{"start":{"line":50,"column":6},"end":{"line":50,"column":50}},"14":{"start":{"line":52,"column":4},"end":{"line":56,"column":7}},"15":{"start":{"line":58,"column":2},"end":{"line":58,"column":16}},"16":{"start":{"line":62,"column":19},"end":{"line":62,"column":37}},"17":{"start":{"line":63,"column":2},"end":{"line":63,"column":29}},"18":{"start":{"line":64,"column":12},"end":{"line":64,"column":63}},"19":{"start":{"line":65,"column":2},"end":{"line":65,"column":34}},"20":{"start":{"line":67,"column":2},"end":{"line":69,"column":3}},"21":{"start":{"line":68,"column":4},"end":{"line":68,"column":18}},"22":{"start":{"line":70,"column":2},"end":{"line":70,"column":19}},"23":{"start":{"line":81,"column":0},"end":{"line":108,"column":2}},"24":{"start":{"line":83,"column":2},"end":{"line":85,"column":3}},"25":{"start":{"line":84,"column":4},"end":{"line":84,"column":16}},"26":{"start":{"line":86,"column":15},"end":{"line":86,"column":66}},"27":{"start":{"line":87,"column":14},"end":{"line":87,"column":65}},"28":{"start":{"line":88,"column":2},"end":{"line":90,"column":3}},"29":{"start":{"line":89,"column":4},"end":{"line":89,"column":52}},"30":{"start":{"line":91,"column":2},"end":{"line":106,"column":3}},"31":{"start":{"line":93,"column":50},"end":{"line":93,"column":74}},"32":{"start":{"line":95,"column":15},"end":{"line":97,"column":6}},"33":{"start":{"line":96,"column":6},"end":{"line":96,"column":147}},"34":{"start":{"line":98,"column":4},"end":{"line":100,"column":5}},"35":{"start":{"line":99,"column":6},"end":{"line":99,"column":33}},"36":{"start":{"line":101,"column":4},"end":{"line":105,"column":7}},"37":{"start":{"line":107,"column":2},"end":{"line":107,"column":16}},"38":{"start":{"line":118,"column":0},"end":{"line":141,"column":2}},"39":{"start":{"line":120,"column":2},"end":{"line":122,"column":3}},"40":{"start":{"line":121,"column":4},"end":{"line":121,"column":16}},"41":{"start":{"line":123,"column":2},"end":{"line":125,"column":3}},"42":{"start":{"line":124,"column":4},"end":{"line":124,"column":52}},"43":{"start":{"line":126,"column":15},"end":{"line":126,"column":66}},"44":{"start":{"line":127,"column":13},"end":{"line":127,"column":17}},"45":{"start":{"line":128,"column":2},"end":{"line":139,"column":5}},"46":{"start":{"line":129,"column":16},"end":{"line":129,"column":62}},"47":{"start":{"line":130,"column":4},"end":{"line":138,"column":5}},"48":{"start":{"line":131,"column":16},"end":{"line":131,"column":149}},"49":{"start":{"line":132,"column":6},"end":{"line":136,"column":9}},"50":{"start":{"line":137,"column":6},"end":{"line":137,"column":33}},"51":{"start":{"line":140,"column":2},"end":{"line":140,"column":16}},"52":{"start":{"line":151,"column":0},"end":{"line":179,"column":2}},"53":{"start":{"line":153,"column":2},"end":{"line":155,"column":3}},"54":{"start":{"line":154,"column":4},"end":{"line":154,"column":16}},"55":{"start":{"line":156,"column":2},"end":{"line":158,"column":3}},"56":{"start":{"line":157,"column":4},"end":{"line":157,"column":52}},"57":{"start":{"line":159,"column":15},"end":{"line":159,"column":66}},"58":{"start":{"line":160,"column":14},"end":{"line":160,"column":65}},"59":{"start":{"line":161,"column":14},"end":{"line":164,"column":16}},"60":{"start":{"line":163,"column":51},"end":{"line":163,"column":75}},"61":{"start":{"line":165,"column":13},"end":{"line":167,"column":4}},"62":{"start":{"line":166,"column":4},"end":{"line":166,"column":145}},"63":{"start":{"line":168,"column":2},"end":{"line":177,"column":3}},"64":{"start":{"line":169,"column":4},"end":{"line":171,"column":5}},"65":{"start":{"line":170,"column":6},"end":{"line":170,"column":33}},"66":{"start":{"line":172,"column":4},"end":{"line":176,"column":7}},"67":{"start":{"line":178,"column":2},"end":{"line":178,"column":16}},"68":{"start":{"line":189,"column":0},"end":{"line":204,"column":2}},"69":{"start":{"line":190,"column":2},"end":{"line":190,"column":42}},"70":{"start":{"line":190,"column":35},"end":{"line":190,"column":42}},"71":{"start":{"line":191,"column":15},"end":{"line":191,"column":66}},"72":{"start":{"line":192,"column":19},"end":{"line":192,"column":42}},"73":{"start":{"line":193,"column":2},"end":{"line":202,"column":3}},"74":{"start":{"line":194,"column":4},"end":{"line":196,"column":5}},"75":{"start":{"line":195,"column":6},"end":{"line":195,"column":90}},"76":{"start":{"line":198,"column":15},"end":{"line":198,"column":94}},"77":{"start":{"line":199,"column":14},"end":{"line":199,"column":117}},"78":{"start":{"line":200,"column":4},"end":{"line":200,"column":92}},"79":{"start":{"line":200,"column":51},"end":{"line":200,"column":92}},"80":{"start":{"line":201,"column":4},"end":{"line":201,"column":29}},"81":{"start":{"line":203,"column":2},"end":{"line":203,"column":16}},"82":{"start":{"line":214,"column":2},"end":{"line":214,"column":42}},"83":{"start":{"line":214,"column":35},"end":{"line":214,"column":42}},"84":{"start":{"line":215,"column":2},"end":{"line":217,"column":3}},"85":{"start":{"line":216,"column":4},"end":{"line":216,"column":11}},"86":{"start":{"line":218,"column":2},"end":{"line":234,"column":3}},"87":{"start":{"line":219,"column":4},"end":{"line":223,"column":7}},"88":{"start":{"line":225,"column":31},"end":{"line":225,"column":64}},"89":{"start":{"line":227,"column":4},"end":{"line":229,"column":5}},"90":{"start":{"line":228,"column":6},"end":{"line":228,"column":90}},"91":{"start":{"line":231,"column":14},"end":{"line":231,"column":131}},"92":{"start":{"line":232,"column":4},"end":{"line":232,"column":92}},"93":{"start":{"line":232,"column":51},"end":{"line":232,"column":92}},"94":{"start":{"line":233,"column":4},"end":{"line":233,"column":29}},"95":{"start":{"line":245,"column":0},"end":{"line":273,"column":2}},"96":{"start":{"line":246,"column":2},"end":{"line":246,"column":42}},"97":{"start":{"line":246,"column":35},"end":{"line":246,"column":42}},"98":{"start":{"line":247,"column":15},"end":{"line":247,"column":66}},"99":{"start":{"line":248,"column":26},"end":{"line":248,"column":56}},"100":{"start":{"line":250,"column":2},"end":{"line":270,"column":3}},"101":{"start":{"line":251,"column":15},"end":{"line":251,"column":19}},"102":{"start":{"line":252,"column":4},"end":{"line":266,"column":5}},"103":{"start":{"line":253,"column":17},"end":{"line":253,"column":36}},"104":{"start":{"line":254,"column":6},"end":{"line":256,"column":7}},"105":{"start":{"line":255,"column":8},"end":{"line":255,"column":17}},"106":{"start":{"line":257,"column":6},"end":{"line":257,"column":19}},"107":{"start":{"line":259,"column":6},"end":{"line":261,"column":7}},"108":{"start":{"line":260,"column":8},"end":{"line":260,"column":98}},"109":{"start":{"line":263,"column":16},"end":{"line":263,"column":145}},"110":{"start":{"line":264,"column":6},"end":{"line":264,"column":94}},"111":{"start":{"line":264,"column":53},"end":{"line":264,"column":94}},"112":{"start":{"line":265,"column":6},"end":{"line":265,"column":31}},"113":{"start":{"line":267,"column":4},"end":{"line":269,"column":5}},"114":{"start":{"line":268,"column":6},"end":{"line":268,"column":90}},"115":{"start":{"line":272,"column":2},"end":{"line":272,"column":16}},"116":{"start":{"line":283,"column":0},"end":{"line":294,"column":2}},"117":{"start":{"line":284,"column":2},"end":{"line":284,"column":42}},"118":{"start":{"line":284,"column":35},"end":{"line":284,"column":42}},"119":{"start":{"line":286,"column":2},"end":{"line":288,"column":3}},"120":{"start":{"line":287,"column":4},"end":{"line":287,"column":16}},"121":{"start":{"line":289,"column":15},"end":{"line":289,"column":66}},"122":{"start":{"line":290,"column":2},"end":{"line":292,"column":3}},"123":{"start":{"line":291,"column":4},"end":{"line":291,"column":88}},"124":{"start":{"line":293,"column":2},"end":{"line":293,"column":16}},"125":{"start":{"line":302,"column":0},"end":{"line":314,"column":2}},"126":{"start":{"line":303,"column":2},"end":{"line":303,"column":43}},"127":{"start":{"line":303,"column":36},"end":{"line":303,"column":43}},"128":{"start":{"line":304,"column":15},"end":{"line":304,"column":66}},"129":{"start":{"line":305,"column":13},"end":{"line":305,"column":34}},"130":{"start":{"line":306,"column":2},"end":{"line":312,"column":3}},"131":{"start":{"line":307,"column":4},"end":{"line":311,"column":6}},"132":{"start":{"line":313,"column":2},"end":{"line":313,"column":16}},"133":{"start":{"line":322,"column":0},"end":{"line":334,"column":2}},"134":{"start":{"line":323,"column":2},"end":{"line":323,"column":43}},"135":{"start":{"line":323,"column":36},"end":{"line":323,"column":43}},"136":{"start":{"line":324,"column":15},"end":{"line":324,"column":66}},"137":{"start":{"line":325,"column":13},"end":{"line":325,"column":34}},"138":{"start":{"line":326,"column":2},"end":{"line":332,"column":3}},"139":{"start":{"line":327,"column":4},"end":{"line":331,"column":7}},"140":{"start":{"line":333,"column":2},"end":{"line":333,"column":16}},"141":{"start":{"line":344,"column":0},"end":{"line":367,"column":2}},"142":{"start":{"line":345,"column":13},"end":{"line":345,"column":17}},"143":{"start":{"line":346,"column":2},"end":{"line":346,"column":42}},"144":{"start":{"line":346,"column":35},"end":{"line":346,"column":42}},"145":{"start":{"line":347,"column":2},"end":{"line":347,"column":28}},"146":{"start":{"line":347,"column":21},"end":{"line":347,"column":28}},"147":{"start":{"line":348,"column":15},"end":{"line":348,"column":66}},"148":{"start":{"line":349,"column":2},"end":{"line":365,"column":5}},"149":{"start":{"line":350,"column":16},"end":{"line":350,"column":104}},"150":{"start":{"line":351,"column":4},"end":{"line":353,"column":5}},"151":{"start":{"line":352,"column":6},"end":{"line":352,"column":18}},"152":{"start":{"line":354,"column":4},"end":{"line":360,"column":5}},"153":{"start":{"line":355,"column":6},"end":{"line":358,"column":9}},"154":{"start":{"line":359,"column":6},"end":{"line":359,"column":19}},"155":{"start":{"line":361,"column":14},"end":{"line":361,"column":81}},"156":{"start":{"line":362,"column":4},"end":{"line":362,"column":78}},"157":{"start":{"line":362,"column":44},"end":{"line":362,"column":78}},"158":{"start":{"line":363,"column":4},"end":{"line":363,"column":29}},"159":{"start":{"line":364,"column":4},"end":{"line":364,"column":16}},"160":{"start":{"line":366,"column":2},"end":{"line":366,"column":16}},"161":{"start":{"line":375,"column":0},"end":{"line":392,"column":2}},"162":{"start":{"line":376,"column":2},"end":{"line":376,"column":43}},"163":{"start":{"line":376,"column":36},"end":{"line":376,"column":43}},"164":{"start":{"line":377,"column":15},"end":{"line":377,"column":66}},"165":{"start":{"line":378,"column":14},"end":{"line":378,"column":18}},"166":{"start":{"line":379,"column":2},"end":{"line":383,"column":3}},"167":{"start":{"line":380,"column":4},"end":{"line":380,"column":38}},"168":{"start":{"line":382,"column":4},"end":{"line":382,"column":39}},"169":{"start":{"line":384,"column":2},"end":{"line":390,"column":3}},"170":{"start":{"line":385,"column":4},"end":{"line":389,"column":7}},"171":{"start":{"line":391,"column":2},"end":{"line":391,"column":16}},"172":{"start":{"line":400,"column":0},"end":{"line":417,"column":2}},"173":{"start":{"line":401,"column":2},"end":{"line":401,"column":43}},"174":{"start":{"line":401,"column":36},"end":{"line":401,"column":43}},"175":{"start":{"line":402,"column":15},"end":{"line":402,"column":66}},"176":{"start":{"line":404,"column":2},"end":{"line":408,"column":3}},"177":{"start":{"line":405,"column":4},"end":{"line":405,"column":38}},"178":{"start":{"line":407,"column":4},"end":{"line":407,"column":39}},"179":{"start":{"line":409,"column":2},"end":{"line":415,"column":3}},"180":{"start":{"line":410,"column":4},"end":{"line":414,"column":7}},"181":{"start":{"line":416,"column":2},"end":{"line":416,"column":16}},"182":{"start":{"line":427,"column":37},"end":{"line":452,"column":1}},"183":{"start":{"line":428,"column":2},"end":{"line":428,"column":43}},"184":{"start":{"line":428,"column":36},"end":{"line":428,"column":43}},"185":{"start":{"line":430,"column":27},"end":{"line":430,"column":49}},"186":{"start":{"line":431,"column":2},"end":{"line":433,"column":3}},"187":{"start":{"line":432,"column":4},"end":{"line":432,"column":62}},"188":{"start":{"line":435,"column":15},"end":{"line":435,"column":66}},"189":{"start":{"line":437,"column":25},"end":{"line":437,"column":59}},"190":{"start":{"line":438,"column":24},"end":{"line":438,"column":68}},"191":{"start":{"line":440,"column":20},"end":{"line":440,"column":64}},"192":{"start":{"line":441,"column":19},"end":{"line":441,"column":44}},"193":{"start":{"line":443,"column":2},"end":{"line":449,"column":3}},"194":{"start":{"line":444,"column":4},"end":{"line":448,"column":7}},"195":{"start":{"line":451,"column":2},"end":{"line":451,"column":16}},"196":{"start":{"line":460,"column":0},"end":{"line":462,"column":2}},"197":{"start":{"line":461,"column":1},"end":{"line":461,"column":136}},"198":{"start":{"line":470,"column":0},"end":{"line":472,"column":2}},"199":{"start":{"line":471,"column":2},"end":{"line":471,"column":136}},"200":{"start":{"line":480,"column":0},"end":{"line":500,"column":2}},"201":{"start":{"line":481,"column":15},"end":{"line":481,"column":66}},"202":{"start":{"line":482,"column":2},"end":{"line":498,"column":3}},"203":{"start":{"line":484,"column":4},"end":{"line":487,"column":7}},"204":{"start":{"line":488,"column":9},"end":{"line":498,"column":3}},"205":{"start":{"line":489,"column":4},"end":{"line":497,"column":7}},"206":{"start":{"line":490,"column":6},"end":{"line":496,"column":7}},"207":{"start":{"line":491,"column":8},"end":{"line":495,"column":11}},"208":{"start":{"line":499,"column":2},"end":{"line":499,"column":16}},"209":{"start":{"line":508,"column":0},"end":{"line":519,"column":2}},"210":{"start":{"line":509,"column":2},"end":{"line":509,"column":43}},"211":{"start":{"line":509,"column":36},"end":{"line":509,"column":43}},"212":{"start":{"line":510,"column":15},"end":{"line":510,"column":66}},"213":{"start":{"line":511,"column":2},"end":{"line":517,"column":3}},"214":{"start":{"line":512,"column":4},"end":{"line":516,"column":7}},"215":{"start":{"line":518,"column":2},"end":{"line":518,"column":16}},"216":{"start":{"line":542,"column":0},"end":{"line":553,"column":2}},"217":{"start":{"line":543,"column":2},"end":{"line":543,"column":35}},"218":{"start":{"line":543,"column":28},"end":{"line":543,"column":35}},"219":{"start":{"line":544,"column":15},"end":{"line":544,"column":66}},"220":{"start":{"line":545,"column":2},"end":{"line":551,"column":3}},"221":{"start":{"line":546,"column":4},"end":{"line":550,"column":7}},"222":{"start":{"line":552,"column":2},"end":{"line":552,"column":16}},"223":{"start":{"line":561,"column":0},"end":{"line":574,"column":2}},"224":{"start":{"line":562,"column":2},"end":{"line":562,"column":43}},"225":{"start":{"line":562,"column":36},"end":{"line":562,"column":43}},"226":{"start":{"line":563,"column":15},"end":{"line":563,"column":66}},"227":{"start":{"line":564,"column":12},"end":{"line":564,"column":46}},"228":{"start":{"line":565,"column":15},"end":{"line":565,"column":55}},"229":{"start":{"line":566,"column":2},"end":{"line":572,"column":3}},"230":{"start":{"line":567,"column":4},"end":{"line":571,"column":7}},"231":{"start":{"line":573,"column":2},"end":{"line":573,"column":16}},"232":{"start":{"line":582,"column":0},"end":{"line":596,"column":2}},"233":{"start":{"line":583,"column":2},"end":{"line":583,"column":43}},"234":{"start":{"line":583,"column":36},"end":{"line":583,"column":43}},"235":{"start":{"line":584,"column":15},"end":{"line":584,"column":66}},"236":{"start":{"line":586,"column":12},"end":{"line":586,"column":46}},"237":{"start":{"line":587,"column":15},"end":{"line":587,"column":55}},"238":{"start":{"line":588,"column":2},"end":{"line":594,"column":3}},"239":{"start":{"line":589,"column":4},"end":{"line":593,"column":7}},"240":{"start":{"line":595,"column":2},"end":{"line":595,"column":16}},"241":{"start":{"line":604,"column":0},"end":{"line":615,"column":2}},"242":{"start":{"line":605,"column":2},"end":{"line":605,"column":42}},"243":{"start":{"line":605,"column":35},"end":{"line":605,"column":42}},"244":{"start":{"line":606,"column":15},"end":{"line":606,"column":66}},"245":{"start":{"line":607,"column":2},"end":{"line":613,"column":3}},"246":{"start":{"line":608,"column":4},"end":{"line":612,"column":7}},"247":{"start":{"line":614,"column":2},"end":{"line":614,"column":16}},"248":{"start":{"line":623,"column":0},"end":{"line":634,"column":2}},"249":{"start":{"line":624,"column":2},"end":{"line":624,"column":42}},"250":{"start":{"line":624,"column":35},"end":{"line":624,"column":42}},"251":{"start":{"line":625,"column":15},"end":{"line":625,"column":66}},"252":{"start":{"line":626,"column":2},"end":{"line":632,"column":3}},"253":{"start":{"line":627,"column":4},"end":{"line":631,"column":7}},"254":{"start":{"line":633,"column":2},"end":{"line":633,"column":16}},"255":{"start":{"line":644,"column":0},"end":{"line":660,"column":2}},"256":{"start":{"line":645,"column":2},"end":{"line":645,"column":42}},"257":{"start":{"line":645,"column":35},"end":{"line":645,"column":42}},"258":{"start":{"line":646,"column":15},"end":{"line":646,"column":66}},"259":{"start":{"line":648,"column":4},"end":{"line":650,"column":5}},"260":{"start":{"line":648,"column":17},"end":{"line":648,"column":22}},"261":{"start":{"line":648,"column":43},"end":{"line":650,"column":5}},"262":{"start":{"line":649,"column":6},"end":{"line":649,"column":19}},"263":{"start":{"line":651,"column":4},"end":{"line":651,"column":16}},"264":{"start":{"line":653,"column":2},"end":{"line":658,"column":3}},"265":{"start":{"line":654,"column":4},"end":{"line":657,"column":7}},"266":{"start":{"line":659,"column":2},"end":{"line":659,"column":16}},"267":{"start":{"line":671,"column":15},"end":{"line":671,"column":23}},"268":{"start":{"line":672,"column":2},"end":{"line":676,"column":3}},"269":{"start":{"line":673,"column":4},"end":{"line":675,"column":5}},"270":{"start":{"line":674,"column":6},"end":{"line":674,"column":19}},"271":{"start":{"line":677,"column":2},"end":{"line":677,"column":14}},"272":{"start":{"line":685,"column":0},"end":{"line":695,"column":2}},"273":{"start":{"line":686,"column":2},"end":{"line":686,"column":42}},"274":{"start":{"line":686,"column":35},"end":{"line":686,"column":42}},"275":{"start":{"line":687,"column":15},"end":{"line":687,"column":66}},"276":{"start":{"line":688,"column":2},"end":{"line":693,"column":3}},"277":{"start":{"line":689,"column":4},"end":{"line":692,"column":7}},"278":{"start":{"line":694,"column":2},"end":{"line":694,"column":16}},"279":{"start":{"line":705,"column":0},"end":{"line":743,"column":2}},"280":{"start":{"line":706,"column":2},"end":{"line":706,"column":43}},"281":{"start":{"line":706,"column":36},"end":{"line":706,"column":43}},"282":{"start":{"line":707,"column":15},"end":{"line":707,"column":66}},"283":{"start":{"line":708,"column":2},"end":{"line":741,"column":3}},"284":{"start":{"line":709,"column":4},"end":{"line":711,"column":5}},"285":{"start":{"line":710,"column":6},"end":{"line":710,"column":15}},"286":{"start":{"line":712,"column":14},"end":{"line":712,"column":43}},"287":{"start":{"line":713,"column":23},"end":{"line":713,"column":51}},"288":{"start":{"line":714,"column":4},"end":{"line":716,"column":5}},"289":{"start":{"line":715,"column":6},"end":{"line":715,"column":18}},"290":{"start":{"line":717,"column":4},"end":{"line":740,"column":5}},"291":{"start":{"line":718,"column":6},"end":{"line":728,"column":9}},"292":{"start":{"line":719,"column":8},"end":{"line":727,"column":9}},"293":{"start":{"line":720,"column":10},"end":{"line":726,"column":13}},"294":{"start":{"line":730,"column":16},"end":{"line":730,"column":73}},"295":{"start":{"line":731,"column":6},"end":{"line":731,"column":74}},"296":{"start":{"line":731,"column":43},"end":{"line":731,"column":74}},"297":{"start":{"line":732,"column":6},"end":{"line":739,"column":7}},"298":{"start":{"line":733,"column":8},"end":{"line":737,"column":11}},"299":{"start":{"line":738,"column":8},"end":{"line":738,"column":33}},"300":{"start":{"line":742,"column":2},"end":{"line":742,"column":16}},"301":{"start":{"line":752,"column":0},"end":{"line":768,"column":2}},"302":{"start":{"line":753,"column":2},"end":{"line":755,"column":3}},"303":{"start":{"line":754,"column":4},"end":{"line":754,"column":16}},"304":{"start":{"line":756,"column":2},"end":{"line":758,"column":3}},"305":{"start":{"line":757,"column":4},"end":{"line":757,"column":59}},"306":{"start":{"line":759,"column":15},"end":{"line":759,"column":66}},"307":{"start":{"line":760,"column":2},"end":{"line":766,"column":3}},"308":{"start":{"line":761,"column":4},"end":{"line":765,"column":7}},"309":{"start":{"line":767,"column":2},"end":{"line":767,"column":16}},"310":{"start":{"line":777,"column":0},"end":{"line":790,"column":2}},"311":{"start":{"line":778,"column":2},"end":{"line":780,"column":3}},"312":{"start":{"line":779,"column":4},"end":{"line":779,"column":16}},"313":{"start":{"line":781,"column":15},"end":{"line":781,"column":66}},"314":{"start":{"line":782,"column":2},"end":{"line":788,"column":3}},"315":{"start":{"line":783,"column":4},"end":{"line":787,"column":7}},"316":{"start":{"line":789,"column":2},"end":{"line":789,"column":16}},"317":{"start":{"line":800,"column":0},"end":{"line":818,"column":2}},"318":{"start":{"line":801,"column":13},"end":{"line":801,"column":17}},"319":{"start":{"line":802,"column":2},"end":{"line":802,"column":39}},"320":{"start":{"line":802,"column":27},"end":{"line":802,"column":39}},"321":{"start":{"line":803,"column":15},"end":{"line":803,"column":66}},"322":{"start":{"line":804,"column":17},"end":{"line":804,"column":46}},"323":{"start":{"line":805,"column":2},"end":{"line":805,"column":28}},"324":{"start":{"line":805,"column":16},"end":{"line":805,"column":28}},"325":{"start":{"line":806,"column":2},"end":{"line":806,"column":51}},"326":{"start":{"line":806,"column":31},"end":{"line":806,"column":51}},"327":{"start":{"line":807,"column":2},"end":{"line":816,"column":5}},"328":{"start":{"line":808,"column":4},"end":{"line":815,"column":5}},"329":{"start":{"line":809,"column":21},"end":{"line":809,"column":69}},"330":{"start":{"line":810,"column":6},"end":{"line":814,"column":9}},"331":{"start":{"line":817,"column":2},"end":{"line":817,"column":16}},"332":{"start":{"line":820,"column":0},"end":{"line":820,"column":27}}},"fnMap":{"0":{"name":"validateType","decl":{"start":{"line":41,"column":27},"end":{"line":41,"column":39}},"loc":{"start":{"line":41,"column":73},"end":{"line":59,"column":1}},"line":41},"1":{"name":"(anonymous_1)","decl":{"start":{"line":49,"column":25},"end":{"line":49,"column":26}},"loc":{"start":{"line":49,"column":38},"end":{"line":51,"column":5}},"line":49},"2":{"name":"testSchemaNoThrow","decl":{"start":{"line":61,"column":9},"end":{"line":61,"column":26}},"loc":{"start":{"line":61,"column":68},"end":{"line":71,"column":1}},"line":61},"3":{"name":"validateAnyOf","decl":{"start":{"line":81,"column":28},"end":{"line":81,"column":41}},"loc":{"start":{"line":81,"column":75},"end":{"line":108,"column":1}},"line":81},"4":{"name":"(anonymous_4)","decl":{"start":{"line":93,"column":36},"end":{"line":93,"column":37}},"loc":{"start":{"line":93,"column":49},"end":{"line":93,"column":75}},"line":93},"5":{"name":"(anonymous_5)","decl":{"start":{"line":95,"column":32},"end":{"line":95,"column":33}},"loc":{"start":{"line":95,"column":48},"end":{"line":97,"column":5}},"line":95},"6":{"name":"validateAllOf","decl":{"start":{"line":118,"column":28},"end":{"line":118,"column":41}},"loc":{"start":{"line":118,"column":75},"end":{"line":141,"column":1}},"line":118},"7":{"name":"(anonymous_7)","decl":{"start":{"line":128,"column":23},"end":{"line":128,"column":24}},"loc":{"start":{"line":128,"column":37},"end":{"line":139,"column":3}},"line":128},"8":{"name":"validateOneOf","decl":{"start":{"line":151,"column":28},"end":{"line":151,"column":41}},"loc":{"start":{"line":151,"column":75},"end":{"line":179,"column":1}},"line":151},"9":{"name":"(anonymous_9)","decl":{"start":{"line":163,"column":36},"end":{"line":163,"column":37}},"loc":{"start":{"line":163,"column":50},"end":{"line":163,"column":76}},"line":163},"10":{"name":"(anonymous_10)","decl":{"start":{"line":165,"column":30},"end":{"line":165,"column":31}},"loc":{"start":{"line":165,"column":46},"end":{"line":167,"column":3}},"line":165},"11":{"name":"validateProperties","decl":{"start":{"line":189,"column":33},"end":{"line":189,"column":51}},"loc":{"start":{"line":189,"column":85},"end":{"line":204,"column":1}},"line":189},"12":{"name":"testAdditionalProperty","decl":{"start":{"line":213,"column":9},"end":{"line":213,"column":31}},"loc":{"start":{"line":213,"column":83},"end":{"line":235,"column":1}},"line":213},"13":{"name":"validatePatternProperties","decl":{"start":{"line":245,"column":40},"end":{"line":245,"column":65}},"loc":{"start":{"line":245,"column":99},"end":{"line":273,"column":1}},"line":245},"14":{"name":"validateAdditionalProperties","decl":{"start":{"line":283,"column":43},"end":{"line":283,"column":71}},"loc":{"start":{"line":283,"column":105},"end":{"line":294,"column":1}},"line":283},"15":{"name":"validateMinProperties","decl":{"start":{"line":302,"column":36},"end":{"line":302,"column":57}},"loc":{"start":{"line":302,"column":91},"end":{"line":314,"column":1}},"line":302},"16":{"name":"validateMaxProperties","decl":{"start":{"line":322,"column":36},"end":{"line":322,"column":57}},"loc":{"start":{"line":322,"column":91},"end":{"line":334,"column":1}},"line":322},"17":{"name":"validateItems","decl":{"start":{"line":344,"column":28},"end":{"line":344,"column":41}},"loc":{"start":{"line":344,"column":75},"end":{"line":367,"column":1}},"line":344},"18":{"name":"(anonymous_18)","decl":{"start":{"line":349,"column":17},"end":{"line":349,"column":18}},"loc":{"start":{"line":349,"column":37},"end":{"line":365,"column":3}},"line":349},"19":{"name":"validateMinimum","decl":{"start":{"line":375,"column":30},"end":{"line":375,"column":45}},"loc":{"start":{"line":375,"column":79},"end":{"line":392,"column":1}},"line":375},"20":{"name":"validateMaximum","decl":{"start":{"line":400,"column":30},"end":{"line":400,"column":45}},"loc":{"start":{"line":400,"column":79},"end":{"line":417,"column":1}},"line":400},"21":{"name":"validateMultipleOfOrDivisbleBy","decl":{"start":{"line":427,"column":46},"end":{"line":427,"column":76}},"loc":{"start":{"line":427,"column":140},"end":{"line":452,"column":1}},"line":427},"22":{"name":"validateMultipleOf","decl":{"start":{"line":460,"column":33},"end":{"line":460,"column":51}},"loc":{"start":{"line":460,"column":85},"end":{"line":462,"column":1}},"line":460},"23":{"name":"validateDivisibleBy","decl":{"start":{"line":470,"column":34},"end":{"line":470,"column":53}},"loc":{"start":{"line":470,"column":87},"end":{"line":472,"column":1}},"line":470},"24":{"name":"validateRequired","decl":{"start":{"line":480,"column":31},"end":{"line":480,"column":47}},"loc":{"start":{"line":480,"column":81},"end":{"line":500,"column":1}},"line":480},"25":{"name":"(anonymous_25)","decl":{"start":{"line":489,"column":28},"end":{"line":489,"column":29}},"loc":{"start":{"line":489,"column":39},"end":{"line":497,"column":5}},"line":489},"26":{"name":"validatePattern","decl":{"start":{"line":508,"column":30},"end":{"line":508,"column":45}},"loc":{"start":{"line":508,"column":79},"end":{"line":519,"column":1}},"line":508},"27":{"name":"validateFormat","decl":{"start":{"line":542,"column":29},"end":{"line":542,"column":43}},"loc":{"start":{"line":542,"column":77},"end":{"line":553,"column":1}},"line":542},"28":{"name":"validateMinLength","decl":{"start":{"line":561,"column":32},"end":{"line":561,"column":49}},"loc":{"start":{"line":561,"column":83},"end":{"line":574,"column":1}},"line":561},"29":{"name":"validateMaxLength","decl":{"start":{"line":582,"column":32},"end":{"line":582,"column":49}},"loc":{"start":{"line":582,"column":83},"end":{"line":596,"column":1}},"line":582},"30":{"name":"validateMinItems","decl":{"start":{"line":604,"column":31},"end":{"line":604,"column":47}},"loc":{"start":{"line":604,"column":81},"end":{"line":615,"column":1}},"line":604},"31":{"name":"validateMaxItems","decl":{"start":{"line":623,"column":31},"end":{"line":623,"column":47}},"loc":{"start":{"line":623,"column":81},"end":{"line":634,"column":1}},"line":623},"32":{"name":"validateUniqueItems","decl":{"start":{"line":644,"column":34},"end":{"line":644,"column":53}},"loc":{"start":{"line":644,"column":87},"end":{"line":660,"column":1}},"line":644},"33":{"name":"testArrays","decl":{"start":{"line":647,"column":11},"end":{"line":647,"column":21}},"loc":{"start":{"line":647,"column":32},"end":{"line":652,"column":3}},"line":647},"34":{"name":"testArrays","decl":{"start":{"line":670,"column":9},"end":{"line":670,"column":19}},"loc":{"start":{"line":670,"column":30},"end":{"line":678,"column":1}},"line":670},"35":{"name":"validateUniqueItems","decl":{"start":{"line":685,"column":34},"end":{"line":685,"column":53}},"loc":{"start":{"line":685,"column":87},"end":{"line":695,"column":1}},"line":685},"36":{"name":"validateDependencies","decl":{"start":{"line":705,"column":35},"end":{"line":705,"column":55}},"loc":{"start":{"line":705,"column":89},"end":{"line":743,"column":1}},"line":705},"37":{"name":"(anonymous_37)","decl":{"start":{"line":718,"column":18},"end":{"line":718,"column":19}},"loc":{"start":{"line":718,"column":34},"end":{"line":728,"column":7}},"line":718},"38":{"name":"validateEnum","decl":{"start":{"line":752,"column":30},"end":{"line":752,"column":42}},"loc":{"start":{"line":752,"column":76},"end":{"line":768,"column":1}},"line":752},"39":{"name":"validateEnum","decl":{"start":{"line":777,"column":31},"end":{"line":777,"column":43}},"loc":{"start":{"line":777,"column":77},"end":{"line":790,"column":1}},"line":777},"40":{"name":"validateNot","decl":{"start":{"line":800,"column":48},"end":{"line":800,"column":59}},"loc":{"start":{"line":800,"column":93},"end":{"line":818,"column":1}},"line":800},"41":{"name":"(anonymous_41)","decl":{"start":{"line":807,"column":19},"end":{"line":807,"column":20}},"loc":{"start":{"line":807,"column":35},"end":{"line":816,"column":3}},"line":807}},"branchMap":{"0":{"loc":{"start":{"line":43,"column":2},"end":{"line":45,"column":3}},"type":"if","locations":[{"start":{"line":43,"column":2},"end":{"line":45,"column":3}},{"start":{"line":43,"column":2},"end":{"line":45,"column":3}}],"line":43},"1":{"loc":{"start":{"line":47,"column":14},"end":{"line":47,"column":70}},"type":"cond-expr","locations":[{"start":{"line":47,"column":43},"end":{"line":47,"column":54}},{"start":{"line":47,"column":57},"end":{"line":47,"column":70}}],"line":47},"2":{"loc":{"start":{"line":48,"column":2},"end":{"line":57,"column":3}},"type":"if","locations":[{"start":{"line":48,"column":2},"end":{"line":57,"column":3}},{"start":{"line":48,"column":2},"end":{"line":57,"column":3}}],"line":48},"3":{"loc":{"start":{"line":50,"column":13},"end":{"line":50,"column":49}},"type":"binary-expr","locations":[{"start":{"line":50,"column":13},"end":{"line":50,"column":17}},{"start":{"line":50,"column":22},"end":{"line":50,"column":38}},{"start":{"line":50,"column":44},"end":{"line":50,"column":48}}],"line":50},"4":{"loc":{"start":{"line":67,"column":2},"end":{"line":69,"column":3}},"type":"if","locations":[{"start":{"line":67,"column":2},"end":{"line":69,"column":3}},{"start":{"line":67,"column":2},"end":{"line":69,"column":3}}],"line":67},"5":{"loc":{"start":{"line":67,"column":6},"end":{"line":67,"column":49}},"type":"binary-expr","locations":[{"start":{"line":67,"column":6},"end":{"line":67,"column":17}},{"start":{"line":67,"column":21},"end":{"line":67,"column":49}}],"line":67},"6":{"loc":{"start":{"line":83,"column":2},"end":{"line":85,"column":3}},"type":"if","locations":[{"start":{"line":83,"column":2},"end":{"line":85,"column":3}},{"start":{"line":83,"column":2},"end":{"line":85,"column":3}}],"line":83},"7":{"loc":{"start":{"line":88,"column":2},"end":{"line":90,"column":3}},"type":"if","locations":[{"start":{"line":88,"column":2},"end":{"line":90,"column":3}},{"start":{"line":88,"column":2},"end":{"line":90,"column":3}}],"line":88},"8":{"loc":{"start":{"line":91,"column":2},"end":{"line":106,"column":3}},"type":"if","locations":[{"start":{"line":91,"column":2},"end":{"line":106,"column":3}},{"start":{"line":91,"column":2},"end":{"line":106,"column":3}}],"line":91},"9":{"loc":{"start":{"line":96,"column":13},"end":{"line":96,"column":146}},"type":"binary-expr","locations":[{"start":{"line":96,"column":14},"end":{"line":96,"column":18}},{"start":{"line":96,"column":23},"end":{"line":96,"column":39}},{"start":{"line":96,"column":46},"end":{"line":96,"column":53}},{"start":{"line":96,"column":57},"end":{"line":96,"column":80}},{"start":{"line":96,"column":86},"end":{"line":96,"column":95}},{"start":{"line":96,"column":100},"end":{"line":96,"column":121}},{"start":{"line":96,"column":127},"end":{"line":96,"column":146}}],"line":96},"10":{"loc":{"start":{"line":98,"column":4},"end":{"line":100,"column":5}},"type":"if","locations":[{"start":{"line":98,"column":4},"end":{"line":100,"column":5}},{"start":{"line":98,"column":4},"end":{"line":100,"column":5}}],"line":98},"11":{"loc":{"start":{"line":120,"column":2},"end":{"line":122,"column":3}},"type":"if","locations":[{"start":{"line":120,"column":2},"end":{"line":122,"column":3}},{"start":{"line":120,"column":2},"end":{"line":122,"column":3}}],"line":120},"12":{"loc":{"start":{"line":123,"column":2},"end":{"line":125,"column":3}},"type":"if","locations":[{"start":{"line":123,"column":2},"end":{"line":125,"column":3}},{"start":{"line":123,"column":2},"end":{"line":125,"column":3}}],"line":123},"13":{"loc":{"start":{"line":130,"column":4},"end":{"line":138,"column":5}},"type":"if","locations":[{"start":{"line":130,"column":4},"end":{"line":138,"column":5}},{"start":{"line":130,"column":4},"end":{"line":138,"column":5}}],"line":130},"14":{"loc":{"start":{"line":131,"column":16},"end":{"line":131,"column":149}},"type":"binary-expr","locations":[{"start":{"line":131,"column":17},"end":{"line":131,"column":21}},{"start":{"line":131,"column":26},"end":{"line":131,"column":42}},{"start":{"line":131,"column":49},"end":{"line":131,"column":56}},{"start":{"line":131,"column":60},"end":{"line":131,"column":83}},{"start":{"line":131,"column":89},"end":{"line":131,"column":98}},{"start":{"line":131,"column":103},"end":{"line":131,"column":124}},{"start":{"line":131,"column":130},"end":{"line":131,"column":149}}],"line":131},"15":{"loc":{"start":{"line":153,"column":2},"end":{"line":155,"column":3}},"type":"if","locations":[{"start":{"line":153,"column":2},"end":{"line":155,"column":3}},{"start":{"line":153,"column":2},"end":{"line":155,"column":3}}],"line":153},"16":{"loc":{"start":{"line":156,"column":2},"end":{"line":158,"column":3}},"type":"if","locations":[{"start":{"line":156,"column":2},"end":{"line":158,"column":3}},{"start":{"line":156,"column":2},"end":{"line":158,"column":3}}],"line":156},"17":{"loc":{"start":{"line":166,"column":11},"end":{"line":166,"column":144}},"type":"binary-expr","locations":[{"start":{"line":166,"column":12},"end":{"line":166,"column":16}},{"start":{"line":166,"column":21},"end":{"line":166,"column":37}},{"start":{"line":166,"column":44},"end":{"line":166,"column":51}},{"start":{"line":166,"column":55},"end":{"line":166,"column":78}},{"start":{"line":166,"column":84},"end":{"line":166,"column":93}},{"start":{"line":166,"column":98},"end":{"line":166,"column":119}},{"start":{"line":166,"column":125},"end":{"line":166,"column":144}}],"line":166},"18":{"loc":{"start":{"line":168,"column":2},"end":{"line":177,"column":3}},"type":"if","locations":[{"start":{"line":168,"column":2},"end":{"line":177,"column":3}},{"start":{"line":168,"column":2},"end":{"line":177,"column":3}}],"line":168},"19":{"loc":{"start":{"line":169,"column":4},"end":{"line":171,"column":5}},"type":"if","locations":[{"start":{"line":169,"column":4},"end":{"line":171,"column":5}},{"start":{"line":169,"column":4},"end":{"line":171,"column":5}}],"line":169},"20":{"loc":{"start":{"line":190,"column":2},"end":{"line":190,"column":42}},"type":"if","locations":[{"start":{"line":190,"column":2},"end":{"line":190,"column":42}},{"start":{"line":190,"column":2},"end":{"line":190,"column":42}}],"line":190},"21":{"loc":{"start":{"line":192,"column":19},"end":{"line":192,"column":42}},"type":"binary-expr","locations":[{"start":{"line":192,"column":19},"end":{"line":192,"column":36}},{"start":{"line":192,"column":40},"end":{"line":192,"column":42}}],"line":192},"22":{"loc":{"start":{"line":194,"column":4},"end":{"line":196,"column":5}},"type":"if","locations":[{"start":{"line":194,"column":4},"end":{"line":196,"column":5}},{"start":{"line":194,"column":4},"end":{"line":196,"column":5}}],"line":194},"23":{"loc":{"start":{"line":198,"column":15},"end":{"line":198,"column":94}},"type":"cond-expr","locations":[{"start":{"line":198,"column":64},"end":{"line":198,"column":82}},{"start":{"line":198,"column":85},"end":{"line":198,"column":94}}],"line":198},"24":{"loc":{"start":{"line":200,"column":4},"end":{"line":200,"column":92}},"type":"if","locations":[{"start":{"line":200,"column":4},"end":{"line":200,"column":92}},{"start":{"line":200,"column":4},"end":{"line":200,"column":92}}],"line":200},"25":{"loc":{"start":{"line":214,"column":2},"end":{"line":214,"column":42}},"type":"if","locations":[{"start":{"line":214,"column":2},"end":{"line":214,"column":42}},{"start":{"line":214,"column":2},"end":{"line":214,"column":42}}],"line":214},"26":{"loc":{"start":{"line":215,"column":2},"end":{"line":217,"column":3}},"type":"if","locations":[{"start":{"line":215,"column":2},"end":{"line":217,"column":3}},{"start":{"line":215,"column":2},"end":{"line":217,"column":3}}],"line":215},"27":{"loc":{"start":{"line":215,"column":6},"end":{"line":215,"column":68}},"type":"binary-expr","locations":[{"start":{"line":215,"column":6},"end":{"line":215,"column":23}},{"start":{"line":215,"column":27},"end":{"line":215,"column":68}}],"line":215},"28":{"loc":{"start":{"line":218,"column":2},"end":{"line":234,"column":3}},"type":"if","locations":[{"start":{"line":218,"column":2},"end":{"line":234,"column":3}},{"start":{"line":218,"column":2},"end":{"line":234,"column":3}}],"line":218},"29":{"loc":{"start":{"line":225,"column":31},"end":{"line":225,"column":64}},"type":"binary-expr","locations":[{"start":{"line":225,"column":31},"end":{"line":225,"column":58}},{"start":{"line":225,"column":62},"end":{"line":225,"column":64}}],"line":225},"30":{"loc":{"start":{"line":227,"column":4},"end":{"line":229,"column":5}},"type":"if","locations":[{"start":{"line":227,"column":4},"end":{"line":229,"column":5}},{"start":{"line":227,"column":4},"end":{"line":229,"column":5}}],"line":227},"31":{"loc":{"start":{"line":232,"column":4},"end":{"line":232,"column":92}},"type":"if","locations":[{"start":{"line":232,"column":4},"end":{"line":232,"column":92}},{"start":{"line":232,"column":4},"end":{"line":232,"column":92}}],"line":232},"32":{"loc":{"start":{"line":246,"column":2},"end":{"line":246,"column":42}},"type":"if","locations":[{"start":{"line":246,"column":2},"end":{"line":246,"column":42}},{"start":{"line":246,"column":2},"end":{"line":246,"column":42}}],"line":246},"33":{"loc":{"start":{"line":248,"column":26},"end":{"line":248,"column":56}},"type":"binary-expr","locations":[{"start":{"line":248,"column":26},"end":{"line":248,"column":50}},{"start":{"line":248,"column":54},"end":{"line":248,"column":56}}],"line":248},"34":{"loc":{"start":{"line":254,"column":6},"end":{"line":256,"column":7}},"type":"if","locations":[{"start":{"line":254,"column":6},"end":{"line":256,"column":7}},{"start":{"line":254,"column":6},"end":{"line":256,"column":7}}],"line":254},"35":{"loc":{"start":{"line":259,"column":6},"end":{"line":261,"column":7}},"type":"if","locations":[{"start":{"line":259,"column":6},"end":{"line":261,"column":7}},{"start":{"line":259,"column":6},"end":{"line":261,"column":7}}],"line":259},"36":{"loc":{"start":{"line":264,"column":6},"end":{"line":264,"column":94}},"type":"if","locations":[{"start":{"line":264,"column":6},"end":{"line":264,"column":94}},{"start":{"line":264,"column":6},"end":{"line":264,"column":94}}],"line":264},"37":{"loc":{"start":{"line":267,"column":4},"end":{"line":269,"column":5}},"type":"if","locations":[{"start":{"line":267,"column":4},"end":{"line":269,"column":5}},{"start":{"line":267,"column":4},"end":{"line":269,"column":5}}],"line":267},"38":{"loc":{"start":{"line":284,"column":2},"end":{"line":284,"column":42}},"type":"if","locations":[{"start":{"line":284,"column":2},"end":{"line":284,"column":42}},{"start":{"line":284,"column":2},"end":{"line":284,"column":42}}],"line":284},"39":{"loc":{"start":{"line":286,"column":2},"end":{"line":288,"column":3}},"type":"if","locations":[{"start":{"line":286,"column":2},"end":{"line":288,"column":3}},{"start":{"line":286,"column":2},"end":{"line":288,"column":3}}],"line":286},"40":{"loc":{"start":{"line":303,"column":2},"end":{"line":303,"column":43}},"type":"if","locations":[{"start":{"line":303,"column":2},"end":{"line":303,"column":43}},{"start":{"line":303,"column":2},"end":{"line":303,"column":43}}],"line":303},"41":{"loc":{"start":{"line":306,"column":2},"end":{"line":312,"column":3}},"type":"if","locations":[{"start":{"line":306,"column":2},"end":{"line":312,"column":3}},{"start":{"line":306,"column":2},"end":{"line":312,"column":3}}],"line":306},"42":{"loc":{"start":{"line":323,"column":2},"end":{"line":323,"column":43}},"type":"if","locations":[{"start":{"line":323,"column":2},"end":{"line":323,"column":43}},{"start":{"line":323,"column":2},"end":{"line":323,"column":43}}],"line":323},"43":{"loc":{"start":{"line":326,"column":2},"end":{"line":332,"column":3}},"type":"if","locations":[{"start":{"line":326,"column":2},"end":{"line":332,"column":3}},{"start":{"line":326,"column":2},"end":{"line":332,"column":3}}],"line":326},"44":{"loc":{"start":{"line":346,"column":2},"end":{"line":346,"column":42}},"type":"if","locations":[{"start":{"line":346,"column":2},"end":{"line":346,"column":42}},{"start":{"line":346,"column":2},"end":{"line":346,"column":42}}],"line":346},"45":{"loc":{"start":{"line":347,"column":2},"end":{"line":347,"column":28}},"type":"if","locations":[{"start":{"line":347,"column":2},"end":{"line":347,"column":28}},{"start":{"line":347,"column":2},"end":{"line":347,"column":28}}],"line":347},"46":{"loc":{"start":{"line":350,"column":16},"end":{"line":350,"column":104}},"type":"cond-expr","locations":[{"start":{"line":350,"column":47},"end":{"line":350,"column":88}},{"start":{"line":350,"column":92},"end":{"line":350,"column":104}}],"line":350},"47":{"loc":{"start":{"line":350,"column":47},"end":{"line":350,"column":88}},"type":"binary-expr","locations":[{"start":{"line":350,"column":47},"end":{"line":350,"column":62}},{"start":{"line":350,"column":66},"end":{"line":350,"column":88}}],"line":350},"48":{"loc":{"start":{"line":351,"column":4},"end":{"line":353,"column":5}},"type":"if","locations":[{"start":{"line":351,"column":4},"end":{"line":353,"column":5}},{"start":{"line":351,"column":4},"end":{"line":353,"column":5}}],"line":351},"49":{"loc":{"start":{"line":354,"column":4},"end":{"line":360,"column":5}},"type":"if","locations":[{"start":{"line":354,"column":4},"end":{"line":360,"column":5}},{"start":{"line":354,"column":4},"end":{"line":360,"column":5}}],"line":354},"50":{"loc":{"start":{"line":362,"column":4},"end":{"line":362,"column":78}},"type":"if","locations":[{"start":{"line":362,"column":4},"end":{"line":362,"column":78}},{"start":{"line":362,"column":4},"end":{"line":362,"column":78}}],"line":362},"51":{"loc":{"start":{"line":376,"column":2},"end":{"line":376,"column":43}},"type":"if","locations":[{"start":{"line":376,"column":2},"end":{"line":376,"column":43}},{"start":{"line":376,"column":2},"end":{"line":376,"column":43}}],"line":376},"52":{"loc":{"start":{"line":379,"column":2},"end":{"line":383,"column":3}},"type":"if","locations":[{"start":{"line":379,"column":2},"end":{"line":383,"column":3}},{"start":{"line":379,"column":2},"end":{"line":383,"column":3}}],"line":379},"53":{"loc":{"start":{"line":379,"column":6},"end":{"line":379,"column":65}},"type":"binary-expr","locations":[{"start":{"line":379,"column":6},"end":{"line":379,"column":29}},{"start":{"line":379,"column":33},"end":{"line":379,"column":65}}],"line":379},"54":{"loc":{"start":{"line":384,"column":2},"end":{"line":390,"column":3}},"type":"if","locations":[{"start":{"line":384,"column":2},"end":{"line":390,"column":3}},{"start":{"line":384,"column":2},"end":{"line":390,"column":3}}],"line":384},"55":{"loc":{"start":{"line":401,"column":2},"end":{"line":401,"column":43}},"type":"if","locations":[{"start":{"line":401,"column":2},"end":{"line":401,"column":43}},{"start":{"line":401,"column":2},"end":{"line":401,"column":43}}],"line":401},"56":{"loc":{"start":{"line":404,"column":2},"end":{"line":408,"column":3}},"type":"if","locations":[{"start":{"line":404,"column":2},"end":{"line":408,"column":3}},{"start":{"line":404,"column":2},"end":{"line":408,"column":3}}],"line":404},"57":{"loc":{"start":{"line":404,"column":6},"end":{"line":404,"column":65}},"type":"binary-expr","locations":[{"start":{"line":404,"column":6},"end":{"line":404,"column":29}},{"start":{"line":404,"column":33},"end":{"line":404,"column":65}}],"line":404},"58":{"loc":{"start":{"line":409,"column":2},"end":{"line":415,"column":3}},"type":"if","locations":[{"start":{"line":409,"column":2},"end":{"line":415,"column":3}},{"start":{"line":409,"column":2},"end":{"line":415,"column":3}}],"line":409},"59":{"loc":{"start":{"line":428,"column":2},"end":{"line":428,"column":43}},"type":"if","locations":[{"start":{"line":428,"column":2},"end":{"line":428,"column":43}},{"start":{"line":428,"column":2},"end":{"line":428,"column":43}}],"line":428},"60":{"loc":{"start":{"line":431,"column":2},"end":{"line":433,"column":3}},"type":"if","locations":[{"start":{"line":431,"column":2},"end":{"line":433,"column":3}},{"start":{"line":431,"column":2},"end":{"line":433,"column":3}}],"line":431},"61":{"loc":{"start":{"line":443,"column":2},"end":{"line":449,"column":3}},"type":"if","locations":[{"start":{"line":443,"column":2},"end":{"line":449,"column":3}},{"start":{"line":443,"column":2},"end":{"line":449,"column":3}}],"line":443},"62":{"loc":{"start":{"line":482,"column":2},"end":{"line":498,"column":3}},"type":"if","locations":[{"start":{"line":482,"column":2},"end":{"line":498,"column":3}},{"start":{"line":482,"column":2},"end":{"line":498,"column":3}}],"line":482},"63":{"loc":{"start":{"line":482,"column":6},"end":{"line":482,"column":56}},"type":"binary-expr","locations":[{"start":{"line":482,"column":6},"end":{"line":482,"column":28}},{"start":{"line":482,"column":32},"end":{"line":482,"column":56}}],"line":482},"64":{"loc":{"start":{"line":488,"column":9},"end":{"line":498,"column":3}},"type":"if","locations":[{"start":{"line":488,"column":9},"end":{"line":498,"column":3}},{"start":{"line":488,"column":9},"end":{"line":498,"column":3}}],"line":488},"65":{"loc":{"start":{"line":488,"column":13},"end":{"line":488,"column":74}},"type":"binary-expr","locations":[{"start":{"line":488,"column":13},"end":{"line":488,"column":40}},{"start":{"line":488,"column":44},"end":{"line":488,"column":74}}],"line":488},"66":{"loc":{"start":{"line":490,"column":6},"end":{"line":496,"column":7}},"type":"if","locations":[{"start":{"line":490,"column":6},"end":{"line":496,"column":7}},{"start":{"line":490,"column":6},"end":{"line":496,"column":7}}],"line":490},"67":{"loc":{"start":{"line":509,"column":2},"end":{"line":509,"column":43}},"type":"if","locations":[{"start":{"line":509,"column":2},"end":{"line":509,"column":43}},{"start":{"line":509,"column":2},"end":{"line":509,"column":43}}],"line":509},"68":{"loc":{"start":{"line":511,"column":2},"end":{"line":517,"column":3}},"type":"if","locations":[{"start":{"line":511,"column":2},"end":{"line":517,"column":3}},{"start":{"line":511,"column":2},"end":{"line":517,"column":3}}],"line":511},"69":{"loc":{"start":{"line":543,"column":2},"end":{"line":543,"column":35}},"type":"if","locations":[{"start":{"line":543,"column":2},"end":{"line":543,"column":35}},{"start":{"line":543,"column":2},"end":{"line":543,"column":35}}],"line":543},"70":{"loc":{"start":{"line":545,"column":2},"end":{"line":551,"column":3}},"type":"if","locations":[{"start":{"line":545,"column":2},"end":{"line":551,"column":3}},{"start":{"line":545,"column":2},"end":{"line":551,"column":3}}],"line":545},"71":{"loc":{"start":{"line":545,"column":6},"end":{"line":545,"column":79}},"type":"binary-expr","locations":[{"start":{"line":545,"column":6},"end":{"line":545,"column":27}},{"start":{"line":545,"column":31},"end":{"line":545,"column":79}}],"line":545},"72":{"loc":{"start":{"line":562,"column":2},"end":{"line":562,"column":43}},"type":"if","locations":[{"start":{"line":562,"column":2},"end":{"line":562,"column":43}},{"start":{"line":562,"column":2},"end":{"line":562,"column":43}}],"line":562},"73":{"loc":{"start":{"line":565,"column":34},"end":{"line":565,"column":54}},"type":"cond-expr","locations":[{"start":{"line":565,"column":40},"end":{"line":565,"column":50}},{"start":{"line":565,"column":53},"end":{"line":565,"column":54}}],"line":565},"74":{"loc":{"start":{"line":566,"column":2},"end":{"line":572,"column":3}},"type":"if","locations":[{"start":{"line":566,"column":2},"end":{"line":572,"column":3}},{"start":{"line":566,"column":2},"end":{"line":572,"column":3}}],"line":566},"75":{"loc":{"start":{"line":583,"column":2},"end":{"line":583,"column":43}},"type":"if","locations":[{"start":{"line":583,"column":2},"end":{"line":583,"column":43}},{"start":{"line":583,"column":2},"end":{"line":583,"column":43}}],"line":583},"76":{"loc":{"start":{"line":587,"column":34},"end":{"line":587,"column":54}},"type":"cond-expr","locations":[{"start":{"line":587,"column":40},"end":{"line":587,"co
[...]
xpr","locations":[{"start":{"line":134,"column":12},"end":{"line":134,"column":37}},{"start":{"line":134,"column":42},"end":{"line":134,"column":83}},{"start":{"line":134,"column":87},"end":{"line":134,"column":100}}],"line":134},"21":{"loc":{"start":{"line":154,"column":2},"end":{"line":164,"column":3}},"type":"if","locations":[{"start":{"line":154,"column":2},"end":{"line":164,"column":3}},{"start":{"line":154,"column":2},"end":{"line":164,"column":3}}],"line":154},"22":{"loc":{"start":{"line":154,"column":6},"end":{"line":154,"column":71}},"type":"binary-expr","locations":[{"start":{"line":154,"column":6},"end":{"line":154,"column":31}},{"start":{"line":154,"column":35},"end":{"line":154,"column":71}}],"line":154},"23":{"loc":{"start":{"line":155,"column":4},"end":{"line":157,"column":5}},"type":"if","locations":[{"start":{"line":155,"column":4},"end":{"line":157,"column":5}},{"start":{"line":155,"column":4},"end":{"line":157,"column":5}}],"line":155},"24":{"loc":{"start":{"line":158,"column":4},"end":{"line":160,"column":5}},"type":"if","locations":[{"start":{"line":158,"column":4},"end":{"line":160,"column":5}},{"start":{"line":158,"column":4},"end":{"line":160,"column":5}}],"line":158},"25":{"loc":{"start":{"line":161,"column":9},"end":{"line":164,"column":3}},"type":"if","locations":[{"start":{"line":161,"column":9},"end":{"line":164,"column":3}},{"start":{"line":161,"column":9},"end":{"line":164,"column":3}}],"line":161},"26":{"loc":{"start":{"line":161,"column":13},"end":{"line":162,"column":59}},"type":"binary-expr","locations":[{"start":{"line":161,"column":13},"end":{"line":161,"column":22}},{"start":{"line":161,"column":26},"end":{"line":161,"column":49}},{"start":{"line":162,"column":6},"end":{"line":162,"column":59}}],"line":161},"27":{"loc":{"start":{"line":173,"column":2},"end":{"line":175,"column":3}},"type":"if","locations":[{"start":{"line":173,"column":2},"end":{"line":175,"column":3}},{"start":{"line":173,"column":2},"end":{"line":175,"column":3}}],"line":173},"28":{"loc":{"start":{"line":173,"column":6},"end":{"line":173,"column":52}},"type":"binary-expr","locations":[{"start":{"line":173,"column":6},"end":{"line":173,"column":29}},{"start":{"line":173,"column":33},"end":{"line":173,"column":52}}],"line":173},"29":{"loc":{"start":{"line":176,"column":2},"end":{"line":178,"column":3}},"type":"if","locations":[{"start":{"line":176,"column":2},"end":{"line":178,"column":3}},{"start":{"line":176,"column":2},"end":{"line":178,"column":3}}],"line":176},"30":{"loc":{"start":{"line":183,"column":2},"end":{"line":185,"column":3}},"type":"if","locations":[{"start":{"line":183,"column":2},"end":{"line":185,"column":3}},{"start":{"line":183,"column":2},"end":{"line":185,"column":3}}],"line":183},"31":{"loc":{"start":{"line":186,"column":2},"end":{"line":196,"column":3}},"type":"if","locations":[{"start":{"line":186,"column":2},"end":{"line":196,"column":3}},{"start":{"line":186,"column":2},"end":{"line":196,"column":3}}],"line":186},"32":{"loc":{"start":{"line":187,"column":4},"end":{"line":189,"column":5}},"type":"if","locations":[{"start":{"line":187,"column":4},"end":{"line":189,"column":5}},{"start":{"line":187,"column":4},"end":{"line":189,"column":5}}],"line":187},"33":{"loc":{"start":{"line":190,"column":4},"end":{"line":192,"column":5}},"type":"if","locations":[{"start":{"line":190,"column":4},"end":{"line":192,"column":5}},{"start":{"line":190,"column":4},"end":{"line":192,"column":5}}],"line":190},"34":{"loc":{"start":{"line":197,"column":2},"end":{"line":209,"column":3}},"type":"if","locations":[{"start":{"line":197,"column":2},"end":{"line":209,"column":3}},{"start":{"line":197,"column":2},"end":{"line":209,"column":3}}],"line":197},"35":{"loc":{"start":{"line":198,"column":4},"end":{"line":200,"column":5}},"type":"if","locations":[{"start":{"line":198,"column":4},"end":{"line":200,"column":5}},{"start":{"line":198,"column":4},"end":{"line":200,"column":5}}],"line":198},"36":{"loc":{"start":{"line":198,"column":8},"end":{"line":198,"column":16}},"type":"binary-expr","locations":[{"start":{"line":198,"column":8},"end":{"line":198,"column":10}},{"start":{"line":198,"column":14},"end":{"line":198,"column":16}}],"line":198},"37":{"loc":{"start":{"line":203,"column":4},"end":{"line":205,"column":5}},"type":"if","locations":[{"start":{"line":203,"column":4},"end":{"line":205,"column":5}},{"start":{"line":203,"column":4},"end":{"line":205,"column":5}}],"line":203},"38":{"loc":{"start":{"line":214,"column":2},"end":{"line":220,"column":3}},"type":"if","locations":[{"start":{"line":214,"column":2},"end":{"line":220,"column":3}},{"start":{"line":214,"column":2},"end":{"line":220,"column":3}}],"line":214},"39":{"loc":{"start":{"line":217,"column":4},"end":{"line":219,"column":5}},"type":"if","locations":[{"start":{"line":217,"column":4},"end":{"line":219,"column":5}},{"start":{"line":217,"column":4},"end":{"line":219,"column":5}}],"line":217},"40":{"loc":{"start":{"line":228,"column":2},"end":{"line":237,"column":3}},"type":"if","locations":[{"start":{"line":228,"column":2},"end":{"line":237,"column":3}},{"start":{"line":228,"column":2},"end":{"line":237,"column":3}}],"line":228},"41":{"loc":{"start":{"line":228,"column":6},"end":{"line":228,"column":47}},"type":"binary-expr","locations":[{"start":{"line":228,"column":6},"end":{"line":228,"column":34}},{"start":{"line":228,"column":38},"end":{"line":228,"column":47}}],"line":228},"42":{"loc":{"start":{"line":232,"column":4},"end":{"line":236,"column":5}},"type":"if","locations":[{"start":{"line":232,"column":4},"end":{"line":236,"column":5}},{"start":{"line":232,"column":4},"end":{"line":236,"column":5}}],"line":232},"43":{"loc":{"start":{"line":242,"column":12},"end":{"line":242,"column":29}},"type":"binary-expr","locations":[{"start":{"line":242,"column":12},"end":{"line":242,"column":17}},{"start":{"line":242,"column":21},"end":{"line":242,"column":23}},{"start":{"line":242,"column":27},"end":{"line":242,"column":29}}],"line":242},"44":{"loc":{"start":{"line":244,"column":2},"end":{"line":253,"column":3}},"type":"if","locations":[{"start":{"line":244,"column":2},"end":{"line":253,"column":3}},{"start":{"line":244,"column":2},"end":{"line":253,"column":3}}],"line":244},"45":{"loc":{"start":{"line":245,"column":13},"end":{"line":245,"column":25}},"type":"binary-expr","locations":[{"start":{"line":245,"column":13},"end":{"line":245,"column":19}},{"start":{"line":245,"column":23},"end":{"line":245,"column":25}}],"line":245},"46":{"loc":{"start":{"line":249,"column":4},"end":{"line":251,"column":5}},"type":"if","locations":[{"start":{"line":249,"column":4},"end":{"line":251,"column":5}},{"start":{"line":249,"column":4},"end":{"line":251,"column":5}}],"line":249},"47":{"loc":{"start":{"line":249,"column":8},"end":{"line":249,"column":44}},"type":"binary-expr","locations":[{"start":{"line":249,"column":8},"end":{"line":249,"column":14}},{"start":{"line":249,"column":18},"end":{"line":249,"column":44}}],"line":249},"48":{"loc":{"start":{"line":272,"column":4},"end":{"line":272,"column":26}},"type":"if","locations":[{"start":{"line":272,"column":4},"end":{"line":272,"column":26}},{"start":{"line":272,"column":4},"end":{"line":272,"column":26}}],"line":272},"49":{"loc":{"start":{"line":303,"column":2},"end":{"line":303,"column":42}},"type":"if","locations":[{"start":{"line":303,"column":2},"end":{"line":303,"column":42}},{"start":{"line":303,"column":2},"end":{"line":303,"column":42}}],"line":303},"50":{"loc":{"start":{"line":305,"column":2},"end":{"line":307,"column":3}},"type":"if","locations":[{"start":{"line":305,"column":2},"end":{"line":307,"column":3}},{"start":{"line":305,"column":2},"end":{"line":307,"column":3}}],"line":305},"51":{"loc":{"start":{"line":310,"column":2},"end":{"line":316,"column":3}},"type":"if","locations":[{"start":{"line":310,"column":2},"end":{"line":316,"column":3}},{"start":{"line":310,"column":2},"end":{"line":316,"column":3}}],"line":310},"52":{"loc":{"start":{"line":311,"column":4},"end":{"line":315,"column":5}},"type":"if","locations":[{"start":{"line":311,"column":4},"end":{"line":315,"column":5}},{"start":{"line":311,"column":4},"end":{"line":315,"column":5}}],"line":311},"53":{"loc":{"start":{"line":319,"column":2},"end":{"line":321,"column":3}},"type":"if","locations":[{"start":{"line":319,"column":2},"end":{"line":321,"column":3}},{"start":{"line":319,"column":2},"end":{"line":321,"column":3}}],"line":319}},"s":{"0":1,"1":1,"2":576,"3":576,"4":576,"5":576,"6":576,"7":576,"8":3,"9":573,"10":576,"11":517,"12":576,"13":576,"14":576,"15":1,"16":576,"17":1,"18":4639,"19":4639,"20":4639,"21":4639,"22":4639,"23":4639,"24":1,"25":576,"26":0,"27":576,"28":0,"29":576,"30":0,"31":576,"32":0,"33":576,"34":576,"35":2,"36":574,"37":574,"38":1,"39":3367,"40":0,"41":3367,"42":3367,"43":0,"44":1,"45":0,"46":1,"47":990,"48":1,"49":0,"50":0,"51":0,"52":0,"53":1,"54":1,"55":2172,"56":2172,"57":2172,"58":2172,"59":2172,"60":1,"61":271,"62":1,"63":1023,"64":1023,"65":1023,"66":1023,"67":0,"68":1023,"69":1,"70":4,"71":6,"72":6,"73":6,"74":4,"75":6,"76":1,"77":1,"78":1,"79":1,"80":168,"81":163,"82":153,"83":10,"84":10,"85":5,"86":4,"87":1,"88":1,"89":1023,"90":1023,"91":887,"92":136,"93":134,"94":2,"95":1,"96":189,"97":60,"98":129,"99":10,"100":2,"101":8,"102":0,"103":8,"104":9,"105":119,"106":40,"107":9,"108":31,"109":31,"110":31,"111":7,"112":24,"113":22,"114":79,"115":0,"116":0,"117":0,"118":0,"119":152,"120":242,"121":218,"122":24,"123":12,"124":12,"125":80,"126":80,"127":80,"128":0,"129":0,"130":0,"131":80,"132":80,"133":80,"134":80,"135":1,"136":1,"137":129,"138":129,"139":141,"140":141,"141":0,"142":141,"143":129,"144":0,"145":1,"146":0,"147":1,"148":48,"149":48,"150":0,"151":48,"152":0,"153":48,"154":48,"155":0,"156":0,"157":0,"158":48,"159":48,"160":20,"161":48},"f":{"0":576,"1":576,"2":4639,"3":576,"4":3367,"5":0,"6":0,"7":990,"8":0,"9":2172,"10":271,"11":1023,"12":4,"13":6,"14":168,"15":1023,"16":189,"17":9,"18":22,"19":0,"20":152,"21":242,"22":80,"23":129,"24":0,"25":0,"26":48},"b":{"0":[576,0],"1":[576,0],"2":[576,0],"3":[3,573],"4":[517,59],"5":[4639,4639],"6":[4639,4639],"7":[0,576],"8":[0,576],"9":[0,576],"10":[0,576],"11":[2,574],"12":[0,3367],"13":[3367,3367,3367],"14":[3367,0],"15":[3367,3367],"16":[0,1023],"17":[1023,1023],"18":[0,1023],"19":[1023,0],"20":[4,4,4],"21":[163,5],"22":[168,166],"23":[153,10],"24":[10,0],"25":[4,1],"26":[5,5,5],"27":[887,136],"28":[1023,1021],"29":[134,2],"30":[60,129],"31":[10,119],"32":[2,8],"33":[0,8],"34":[40,79],"35":[9,31],"36":[40,35],"37":[7,24],"38":[0,0],"39":[0,0],"40":[218,24],"41":[242,24],"42":[12,12],"43":[80,0,80],"44":[0,80],"45":[0,0],"46":[80,0],"47":[80,80],"48":[0,141],"49":[0,48],"50":[0,48],"51":[0,48],"52":[0,0],"53":[20,28]},"_coverageSchema":"1a1c01bbd47fc00a2c39e90264f33305004495a9","hash":"7b60b887410fc77aa3d137a9c9a646dcf434e399","contentHash":"6f5500218b41cfd6b280bec107d92051b32d0968730bc6540ef751a7a951ac26"},"/Users/justindonnaruma/jsonschema/lib/scan.ts":{"path":"/Users/justindonnaruma/jsonschema/lib/scan.ts","statementMap":{"0":{"start":{"line":2,"column":13},"end":{"line":2,"column":27}},"1":{"start":{"line":3,"column":14},"end":{"line":3,"column":34}},"2":{"start":{"line":5,"column":0},"end":{"line":5,"column":51}},"3":{"start":{"line":7,"column":2},"end":{"line":7,"column":18}},"4":{"start":{"line":8,"column":2},"end":{"line":8,"column":17}},"5":{"start":{"line":17,"column":0},"end":{"line":74,"column":1}},"6":{"start":{"line":19,"column":4},"end":{"line":19,"column":50}},"7":{"start":{"line":19,"column":43},"end":{"line":19,"column":50}},"8":{"start":{"line":21,"column":4},"end":{"line":25,"column":5}},"9":{"start":{"line":22,"column":24},"end":{"line":22,"column":60}},"10":{"start":{"line":23,"column":6},"end":{"line":23,"column":67}},"11":{"start":{"line":24,"column":6},"end":{"line":24,"column":13}},"12":{"start":{"line":26,"column":18},"end":{"line":26,"column":74}},"13":{"start":{"line":27,"column":4},"end":{"line":41,"column":5}},"14":{"start":{"line":29,"column":6},"end":{"line":29,"column":48}},"15":{"start":{"line":29,"column":33},"end":{"line":29,"column":48}},"16":{"start":{"line":30,"column":6},"end":{"line":35,"column":7}},"17":{"start":{"line":31,"column":8},"end":{"line":33,"column":9}},"18":{"start":{"line":32,"column":10},"end":{"line":32,"column":90}},"19":{"start":{"line":34,"column":8},"end":{"line":34,"column":30}},"20":{"start":{"line":36,"column":6},"end":{"line":36,"column":30}},"21":{"start":{"line":38,"column":6},"end":{"line":40,"column":7}},"22":{"start":{"line":39,"column":8},"end":{"line":39,"column":63}},"23":{"start":{"line":42,"column":4},"end":{"line":42,"column":95}},"24":{"start":{"line":43,"column":4},"end":{"line":43,"column":103}},"25":{"start":{"line":44,"column":4},"end":{"line":44,"column":67}},"26":{"start":{"line":45,"column":4},"end":{"line":45,"column":57}},"27":{"start":{"line":46,"column":4},"end":{"line":46,"column":77}},"28":{"start":{"line":47,"column":4},"end":{"line":47,"column":59}},"29":{"start":{"line":48,"column":4},"end":{"line":48,"column":71}},"30":{"start":{"line":49,"column":4},"end":{"line":49,"column":61}},"31":{"start":{"line":50,"column":4},"end":{"line":50,"column":52}},"32":{"start":{"line":51,"column":4},"end":{"line":51,"column":46}},"33":{"start":{"line":52,"column":4},"end":{"line":52,"column":46}},"34":{"start":{"line":53,"column":4},"end":{"line":53,"column":46}},"35":{"start":{"line":54,"column":4},"end":{"line":54,"column":43}},"36":{"start":{"line":57,"column":4},"end":{"line":57,"column":43}},"37":{"start":{"line":57,"column":36},"end":{"line":57,"column":43}},"38":{"start":{"line":58,"column":4},"end":{"line":60,"column":5}},"39":{"start":{"line":58,"column":14},"end":{"line":58,"column":15}},"40":{"start":{"line":59,"column":6},"end":{"line":59,"column":44}},"41":{"start":{"line":63,"column":4},"end":{"line":63,"column":52}},"42":{"start":{"line":63,"column":45},"end":{"line":63,"column":52}},"43":{"start":{"line":64,"column":4},"end":{"line":66,"column":5}},"44":{"start":{"line":65,"column":6},"end":{"line":65,"column":44}},"45":{"start":{"line":69,"column":14},"end":{"line":69,"column":16}},"46":{"start":{"line":70,"column":12},"end":{"line":70,"column":14}},"47":{"start":{"line":71,"column":18},"end":{"line":71,"column":22}},"48":{"start":{"line":72,"column":2},"end":{"line":72,"column":27}},"49":{"start":{"line":73,"column":2},"end":{"line":73,"column":42}}},"fnMap":{"0":{"name":"SchemaScanResult","decl":{"start":{"line":6,"column":9},"end":{"line":6,"column":25}},"loc":{"start":{"line":6,"column":37},"end":{"line":9,"column":1}},"line":6},"1":{"name":"scan","decl":{"start":{"line":17,"column":31},"end":{"line":17,"column":35}},"loc":{"start":{"line":17,"column":49},"end":{"line":74,"column":1}},"line":17},"2":{"name":"scanSchema","decl":{"start":{"line":18,"column":11},"end":{"line":18,"column":21}},"loc":{"start":{"line":18,"column":38},"end":{"line":55,"column":3}},"line":18},"3":{"name":"scanArray","decl":{"start":{"line":56,"column":11},"end":{"line":56,"column":20}},"loc":{"start":{"line":56,"column":38},"end":{"line":61,"column":3}},"line":56},"4":{"name":"scanObject","decl":{"start":{"line":62,"column":11},"end":{"line":62,"column":21}},"loc":{"start":{"line":62,"column":39},"end":{"line":67,"column":3}},"line":62}},"branchMap":{"0":{"loc":{"start":{"line":19,"column":4},"end":{"line":19,"column":50}},"type":"if","locations":[{"start":{"line":19,"column":4},"end":{"line":19,"column":50}},{"start":{"line":19,"column":4},"end":{"line":19,"column":50}}],"line":19},"1":{"loc":{"start":{"line":19,"column":7},"end":{"line":19,"column":41}},"type":"binary-expr","locations":[{"start":{"line":19,"column":7},"end":{"line":19,"column":14}},{"start":{"line":19,"column":18},"end":{"line":19,"column":41}}],"line":19},"2":{"loc":{"start":{"line":21,"column":4},"end":{"line":25,"column":5}},"type":"if","locations":[{"start":{"line":21,"column":4},"end":{"line":25,"column":5}},{"start":{"line":21,"column":4},"end":{"line":25,"column":5}}],"line":21},"3":{"loc":{"start":{"line":23,"column":25},"end":{"line":23,"column":66}},"type":"cond-expr","locations":[{"start":{"line":23,"column":44},"end":{"line":23,"column":62}},{"start":{"line":23,"column":65},"end":{"line":23,"column":66}}],"line":23},"4":{"loc":{"start":{"line":26,"column":18},"end":{"line":26,"column":74}},"type":"cond-expr","locations":[{"start":{"line":26,"column":30},"end":{"line":26,"column":64}},{"start":{"line":26,"column":67},"end":{"line":26,"column":74}}],"line":26},"5":{"loc":{"start":{"line":27,"column":4},"end":{"line":41,"column":5}},"type":"if","locations":[{"start":{"line":27,"column":4},"end":{"line":41,"column":5}},{"start":{"line":27,"column":4},"end":{"line":41,"column":5}}],"line":27},"6":{"loc":{"start":{"line":29,"column":6},"end":{"line":29,"column":48}},"type":"if","locations":[{"start":{"line":29,"column":6},"end":{"line":29,"column":48}},{"start":{"line":29,"column":6},"end":{"line":29,"column":48}}],"line":29},"7":{"loc":{"start":{"line":30,"column":6},"end":{"line":35,"column":7}},"type":"if","locations":[{"start":{"line":30,"column":6},"end":{"line":35,"column":7}},{"start":{"line":30,"column":6},"end":{"line":35,"column":7}}],"line":30},"8":{"loc":{"start":{"line":31,"column":8},"end":{"line":33,"column":9}},"type":"if","locations":[{"start":{"line":31,"column":8},"end":{"line":33,"column":9}},{"start":{"line":31,"column":8},"end":{"line":33,"column":9}}],"line":31},"9":{"loc":{"start":{"line":38,"column":6},"end":{"line":40,"column":7}},"type":"if","locations":[{"start":{"line":38,"column":6},"end":{"line":40,"column":7}},{"start":{"line":38,"column":6},"end":{"line":40,"column":7}}],"line":38},"10":{"loc":{"start":{"line":42,"column":33},"end":{"line":42,"column":92}},"type":"cond-expr","locations":[{"start":{"line":42,"column":65},"end":{"line":42,"column":77}},{"start":{"line":42,"column":78},"end":{"line":42,"column":92}}],"line":42},"11":{"loc":{"start":{"line":43,"column":35},"end":{"line":43,"column":100}},"type":"cond-expr","locations":[{"start":{"line":43,"column":69},"end":{"line":43,"column":83}},{"start":{"line":43,"column":84},"end":{"line":43,"column":100}}],"line":43},"12":{"loc":{"start":{"line":57,"column":4},"end":{"line":57,"column":43}},"type":"if","locations":[{"start":{"line":57,"column":4},"end":{"line":57,"column":43}},{"start":{"line":57,"column":4},"end":{"line":57,"column":43}}],"line":57},"13":{"loc":{"start":{"line":63,"column":4},"end":{"line":63,"column":52}},"type":"if","locations":[{"start":{"line":63,"column":4},"end":{"line":63,"column":52}},{"start":{"line":63,"column":4},"end":{"line":63,"column":52}}],"line":63},"14":{"loc":{"start":{"line":63,"column":7},"end":{"line":63,"column":43}},"type":"binary-expr","locations":[{"start":{"line":63,"column":7},"end":{"line":63,"column":15}},{"start":{"line":63,"column":19},"end":{"line":63,"column":43}}],"line":63}},"s":{"0":1,"1":1,"2":1,"3":3531,"4":3531,"5":1,"6":409567,"7":314507,"8":95060,"9":29508,"10":29508,"11":29508,"12":65552,"13":65552,"14":65552,"15":956,"16":65552,"17":0,"18":0,"19":0,"20":65552,"21":65552,"22":3456,"23":65552,"24":65552,"25":65552,"26":65552,"27":65552,"28":65552,"29":65552,"30":65552,"31":65552,"32":65552,"33":65552,"34":65552,"35":65552,"36":393312,"37":255285,"38":138027,"39":138027,"40":144348,"41":262208,"42":255531,"43":6677,"44":65032,"45":3531,"46":3531,"47":3531,"48":3531,"49":3531},"f":{"0":3531,"1":3531,"2":409567,"3":393312,"4":262208},"b":{"0":[314507,95060],"1":[409567,96360],"2":[29508,65552],"3":[0,29508],"4":[2529,63023],"5":[65552,0],"6":[956,64596],"7":[0,65552],"8":[0,0],"9":[3456,62096],"10":[23,65529],"11":[4,65548],"12":[255285,138027],"13":[255531,6677],"14":[262208,6677]},"_coverageSchema":"1a1c01bbd47fc00a2c39e90264f33305004495a9","hash":"7e814fcbdbb039f4fa4c6ed4f78845380da5ab6c","contentHash":"da52d6da87917bce87d2ad5e07899f52f6ef0306aee84891cdb5752e7328da96"}}